# Preference setting overrides
gui_create_pref_key -category {Globals} -key {load_detail_for_funcov} -value_type {bool} -value {false}
gui_create_pref_category -category {schem_obj_name}
gui_create_pref_key -category {schem_obj_name} -key {show_cell_and_pin_with_symbol_name} -value_type {bool} -value {false}
gui_create_pref_key -category {schem_pin_hc} -key {textExtFont} -value_type {string} -value {Helvetica,10,-1,5,50,0,0,0,0,0}

# State setting overrides
gui_state_default_create -off -ini
gui_set_state_value -category Globals -key recent_databases -value {{gui_open_db -file sim/dac_tb.vpd} {gui_open_db -file sim/nco_tb.vpd} {gui_open_db -file sim/counter_tb.vpd} {gui_open_db -file /home/cc/eecs151/fa23/class/eecs151-aer/fpga-labs-fa23-shridhay/lab3/sim/debouncer_tb.vpd -design V1} {gui_open_db -file sim/debouncer_tb.vpd}}
gui_set_state_value -category Layout -key child_console_size_x -value 1504
gui_set_state_value -category Layout -key child_console_size_y -value 164
gui_set_state_value -category Layout -key child_data_size_x -value 157
gui_set_state_value -category Layout -key child_data_size_y -value 718
gui_set_state_value -category Layout -key child_driver_size_x -value 1215
gui_set_state_value -category Layout -key child_driver_size_y -value 179
gui_set_state_value -category Layout -key child_hier_col3 -value {-1}
gui_set_state_value -category Layout -key child_hier_colpd -value 0
gui_set_state_value -category Layout -key child_hier_size_x -value 157
gui_set_state_value -category Layout -key child_hier_size_y -value 718
gui_set_state_value -category Layout -key child_list_down -value 193
gui_set_state_value -category Layout -key child_list_right -value 444
gui_set_state_value -category Layout -key child_schematic_docknewline -value false
gui_set_state_value -category Layout -key child_schematic_pos_x -value {-2}
gui_set_state_value -category Layout -key child_schematic_pos_y -value {-15}
gui_set_state_value -category Layout -key child_schematic_size_x -value 1178
gui_set_state_value -category Layout -key child_schematic_size_y -value 643
gui_set_state_value -category Layout -key child_source_docknewline -value false
gui_set_state_value -category Layout -key child_source_pos_x -value {-2}
gui_set_state_value -category Layout -key child_source_pos_y -value {-15}
gui_set_state_value -category Layout -key child_source_size_x -value 1193
gui_set_state_value -category Layout -key child_source_size_y -value 713
gui_set_state_value -category Layout -key child_wave_colname -value 276
gui_set_state_value -category Layout -key child_wave_colvalue -value 276
gui_set_state_value -category Layout -key child_wave_left -value 557
gui_set_state_value -category Layout -key child_wave_right -value 1357
gui_set_state_value -category Layout -key main_pos_x -value 298
gui_set_state_value -category Layout -key main_pos_y -value 64
gui_set_state_value -category Layout -key main_size_x -value 1802
gui_set_state_value -category Layout -key main_size_y -value 1053
gui_set_state_value -category Layout -key stand_list_child_docknewline -value false
gui_set_state_value -category Layout -key stand_list_child_pos_x -value {-2}
gui_set_state_value -category Layout -key stand_list_child_pos_y -value {-15}
gui_set_state_value -category Layout -key stand_list_child_size_x -value 604
gui_set_state_value -category Layout -key stand_list_child_size_y -value 338
gui_set_state_value -category Layout -key stand_list_top_pos_x -value 501
gui_set_state_value -category Layout -key stand_list_top_pos_y -value 56
gui_set_state_value -category Layout -key stand_list_top_size_y -value 555
gui_set_state_value -category Layout -key stand_source_child_docknewline -value false
gui_set_state_value -category Layout -key stand_source_child_pos_x -value {-2}
gui_set_state_value -category Layout -key stand_source_child_pos_y -value {-15}
gui_set_state_value -category Layout -key stand_source_child_size_x -value 1922
gui_set_state_value -category Layout -key stand_source_child_size_y -value 428
gui_set_state_value -category Layout -key stand_wave_child_docknewline -value false
gui_set_state_value -category Layout -key stand_wave_child_pos_x -value {-2}
gui_set_state_value -category Layout -key stand_wave_child_pos_y -value {-15}
gui_set_state_value -category Layout -key stand_wave_child_size_x -value 1924
gui_set_state_value -category Layout -key stand_wave_child_size_y -value 912
gui_set_state_value -category Layout -key stand_wave_top_pos_x -value 80
gui_set_state_value -category Layout -key stand_wave_top_pos_y -value 237
gui_set_state_value -category Layout -key stand_wave_top_size_x -value 1999
gui_set_state_value -category Layout -key stand_wave_top_size_y -value 1235
gui_create_state_key -category FindDialog -key m_pMatchCase -value_type bool -value false
gui_create_state_key -category FindDialog -key m_pMatchWord -value_type bool -value false
gui_create_state_key -category FindDialog -key m_pUseCombo -value_type string -value {}
gui_create_state_key -category FindDialog -key m_pWrapAround -value_type bool -value true
gui_create_state_key -category Widget_History -key {dlgSimSetup|m_setupTab|tab pages|SimTab|m_VPDCombo} -value_type string -value inter.vpd
gui_create_state_key -category Widget_History -key {dlgSimSetup|m_setupTab|tab pages|SimTab|m_curDirCombo} -value_type string -value /home/cc/eecs151/fa23/class/eecs151-aer/fpga-labs-fa23-shridhay/lab2
gui_state_default_create -off

# Begin command logging
gui_open_db -file sim/dac_tb.vpd
gui_list_expand -id  Hier.1   dac_tb
gui_list_select -id Hier.1 -current_item_name dac_tb.DUT -current_item_type Scope  -selected  { dac_tb.DUT   }
gui_list_select -id Data.1 -selected  { dac_tb.DUT.clk   }
gui_list_select -id Data.1 -selected  { dac_tb.DUT.clk  dac_tb.DUT.rst  {dac_tb.DUT.code[2:0]}  dac_tb.DUT.next_sample  dac_tb.DUT.pwm  {dac_tb.DUT.cycles[11:0]}   }
gui_open_window Wave
gui_list_add -id Wave.1 -from Data.1 { dac_tb.DUT.clk dac_tb.DUT.rst {dac_tb.DUT.code[2:0]} dac_tb.DUT.next_sample dac_tb.DUT.pwm {dac_tb.DUT.cycles[11:0]} } -insertionbar
gui_marker_move -id  Wave.1 C1 94
gui_zoom -window Wave.1 -full
gui_marker_move -id  Wave.1 C1 7477
gui_marker_move -id  Wave.1 C1 13300
gui_marker_move -id  Wave.1 C1 9291
gui_marker_move -id  Wave.1 C1 6651
gui_marker_move -id  Wave.1 C1 6792
gui_marker_move -id  Wave.1 C1 6973
gui_marker_move -id  Wave.1 C1 403
gui_close_window -window TopLevel.2
gui_src_highlight_item -id Source.1 -lfrom 7 -idxfrom 7 -fileIdFrom 0 -lto 7 -idxto 8 -fileIdTo 0 -selection {a} -selectionId 0 -replace 0
