Copyright 1986-2020 Xilinx, Inc. All Rights Reserved.
-------------------------------------------------------------------------------------------------------
| Tool Version : Vivado v.2020.2 (lin64) Build 3064766 Wed Nov 18 09:12:47 MST 2020
| Date         : Tue Sep 19 19:56:46 2023
| Host         : c111-18.EECS.Berkeley.EDU running 64-bit Red Hat Enterprise Linux release 8.8 (Ootpa)
| Command      : report_timing_summary -file post_synth_timing_summary.rpt
| Design       : z1top
| Device       : 7z020-clg400
| Speed File   : -1  PRODUCTION 1.12 2019-11-22
-------------------------------------------------------------------------------------------------------

Timing Summary Report

------------------------------------------------------------------------------------------------
| Timer Settings
| --------------
------------------------------------------------------------------------------------------------

  Enable Multi Corner Analysis               :  Yes
  Enable Pessimism Removal                   :  Yes
  Pessimism Removal Resolution               :  Nearest Common Node
  Enable Input Delay Default Clock           :  No
  Enable Preset / Clear Arcs                 :  No
  Disable Flight Delays                      :  No
  Ignore I/O Paths                           :  No
  Timing Early Launch at Borrowing Latches   :  No
  Borrow Time for Max Delay Exceptions       :  Yes
  Merge Timing Exceptions                    :  Yes

  Corner  Analyze    Analyze    
  Name    Max Paths  Min Paths  
  ------  ---------  ---------  
  Slow    Yes        Yes        
  Fast    Yes        Yes        



check_timing report

Table of Contents
-----------------
1. checking no_clock (0)
2. checking constant_clock (0)
3. checking pulse_width_clock (0)
4. checking unconstrained_internal_endpoints (0)
5. checking no_input_delay (0)
6. checking no_output_delay (2)
7. checking multiple_clock (0)
8. checking generated_clocks (0)
9. checking loops (0)
10. checking partial_input_delay (0)
11. checking partial_output_delay (0)
12. checking latch_loops (0)

1. checking no_clock (0)
------------------------
 There are 0 register/latch pins with no clock.


2. checking constant_clock (0)
------------------------------
 There are 0 register/latch pins with constant_clock.


3. checking pulse_width_clock (0)
---------------------------------
 There are 0 register/latch pins which need pulse_width check


4. checking unconstrained_internal_endpoints (0)
------------------------------------------------
 There are 0 pins that are not constrained for maximum delay.

 There are 0 pins that are not constrained for maximum delay due to constant clock.


5. checking no_input_delay (0)
------------------------------
 There are 0 input ports with no input delay specified.

 There are 0 input ports with no input delay but user has a false path constraint.


6. checking no_output_delay (2)
-------------------------------
 There are 2 ports with no output delay specified. (HIGH)

 There are 0 ports with no output delay but user has a false path constraint

 There are 0 ports with no output delay but with a timing clock defined on it or propagating through it


7. checking multiple_clock (0)
------------------------------
 There are 0 register/latch pins with multiple clocks.


8. checking generated_clocks (0)
--------------------------------
 There are 0 generated clocks that are not connected to a clock source.


9. checking loops (0)
---------------------
 There are 0 combinational loops in the design.


10. checking partial_input_delay (0)
------------------------------------
 There are 0 input ports with partial input delay specified.


11. checking partial_output_delay (0)
-------------------------------------
 There are 0 ports with partial output delay specified.


12. checking latch_loops (0)
----------------------------
 There are 0 combinational latch loops in the design through latch input



------------------------------------------------------------------------------------------------
| Design Timing Summary
| ---------------------
------------------------------------------------------------------------------------------------

    WNS(ns)      TNS(ns)  TNS Failing Endpoints  TNS Total Endpoints      WHS(ns)      THS(ns)  THS Failing Endpoints  THS Total Endpoints     WPWS(ns)     TPWS(ns)  TPWS Failing Endpoints  TPWS Total Endpoints  
    -------      -------  ---------------------  -------------------      -------      -------  ---------------------  -------------------     --------     --------  ----------------------  --------------------  
      1.734        0.000                      0                   29        0.205        0.000                      0                   29        3.500        0.000                       0                    30  


All user specified timing constraints are met.


------------------------------------------------------------------------------------------------
| Clock Summary
| -------------
------------------------------------------------------------------------------------------------

Clock            Waveform(ns)         Period(ns)      Frequency(MHz)
-----            ------------         ----------      --------------
clk_125mhz_fpga  {0.000 4.000}        8.000           125.000         


------------------------------------------------------------------------------------------------
| Intra Clock Table
| -----------------
------------------------------------------------------------------------------------------------

Clock                WNS(ns)      TNS(ns)  TNS Failing Endpoints  TNS Total Endpoints      WHS(ns)      THS(ns)  THS Failing Endpoints  THS Total Endpoints     WPWS(ns)     TPWS(ns)  TPWS Failing Endpoints  TPWS Total Endpoints  
-----                -------      -------  ---------------------  -------------------      -------      -------  ---------------------  -------------------     --------     --------  ----------------------  --------------------  
clk_125mhz_fpga        1.734        0.000                      0                   29        0.205        0.000                      0                   29        3.500        0.000                       0                    30  


------------------------------------------------------------------------------------------------
| Inter Clock Table
| -----------------
------------------------------------------------------------------------------------------------

From Clock    To Clock          WNS(ns)      TNS(ns)  TNS Failing Endpoints  TNS Total Endpoints      WHS(ns)      THS(ns)  THS Failing Endpoints  THS Total Endpoints  
----------    --------          -------      -------  ---------------------  -------------------      -------      -------  ---------------------  -------------------  


------------------------------------------------------------------------------------------------
| Other Path Groups Table
| -----------------------
------------------------------------------------------------------------------------------------

Path Group    From Clock    To Clock          WNS(ns)      TNS(ns)  TNS Failing Endpoints  TNS Total Endpoints      WHS(ns)      THS(ns)  THS Failing Endpoints  THS Total Endpoints  
----------    ----------    --------          -------      -------  ---------------------  -------------------      -------      -------  ---------------------  -------------------  


------------------------------------------------------------------------------------------------
| Timing Details
| --------------
------------------------------------------------------------------------------------------------


---------------------------------------------------------------------------------------------------
From Clock:  clk_125mhz_fpga
  To Clock:  clk_125mhz_fpga

Setup :            0  Failing Endpoints,  Worst Slack        1.734ns,  Total Violation        0.000ns
Hold  :            0  Failing Endpoints,  Worst Slack        0.205ns,  Total Violation        0.000ns
PW    :            0  Failing Endpoints,  Worst Slack        3.500ns,  Total Violation        0.000ns
---------------------------------------------------------------------------------------------------


Max Delay Paths
--------------------------------------------------------------------------------------
Slack (MET) :             1.734ns  (required time - arrival time)
  Source:                 tester/operands_reg[16]/C
                            (rising edge-triggered cell FDRE clocked by clk_125mhz_fpga  {rise@0.000ns fall@4.000ns period=8.000ns})
  Destination:            tester/error_reg/D
                            (rising edge-triggered cell FDRE clocked by clk_125mhz_fpga  {rise@0.000ns fall@4.000ns period=8.000ns})
  Path Group:             clk_125mhz_fpga
  Path Type:              Setup (Max at Slow Process Corner)
  Requirement:            8.000ns  (clk_125mhz_fpga rise@8.000ns - clk_125mhz_fpga rise@0.000ns)
  Data Path Delay:        6.130ns  (logic 2.116ns (34.519%)  route 4.014ns (65.481%))
  Logic Levels:           8  (CARRY4=1 LUT2=1 LUT6=6)
  Clock Path Skew:        -0.145ns (DCD - SCD + CPR)
    Destination Clock Delay (DCD):    2.670ns = ( 10.670 - 8.000 ) 
    Source Clock Delay      (SCD):    2.935ns
    Clock Pessimism Removal (CPR):    0.120ns
  Clock Uncertainty:      0.035ns  ((TSJ^2 + TIJ^2)^1/2 + DJ) / 2 + PE
    Total System Jitter     (TSJ):    0.071ns
    Total Input Jitter      (TIJ):    0.000ns
    Discrete Jitter          (DJ):    0.000ns
    Phase Error              (PE):    0.000ns

    Location             Delay type                Incr(ns)  Path(ns)    Netlist Resource(s)
  -------------------------------------------------------------------    -------------------
                         (clock clk_125mhz_fpga rise edge)
                                                      0.000     0.000 r  
    H16                                               0.000     0.000 r  CLK_125MHZ_FPGA (IN)
                         net (fo=0)                   0.000     0.000    CLK_125MHZ_FPGA
    H16                  IBUF (Prop_ibuf_I_O)         1.451     1.451 r  CLK_125MHZ_FPGA_IBUF_inst/O
                         net (fo=1, unplaced)         0.800     2.250    CLK_125MHZ_FPGA_IBUF
                         BUFG (Prop_bufg_I_O)         0.101     2.351 r  CLK_125MHZ_FPGA_IBUF_BUFG_inst/O
                         net (fo=29, unplaced)        0.584     2.935    tester/CLK_125MHZ_FPGA_IBUF_BUFG
                         FDRE                                         r  tester/operands_reg[16]/C
  -------------------------------------------------------------------    -------------------
                         FDRE (Prop_fdre_C_Q)         0.478     3.413 r  tester/operands_reg[16]/Q
                         net (fo=4, unplaced)         0.989     4.402    tester/adder_operand2[2]
                         LUT6 (Prop_lut6_I0_O)        0.295     4.697 r  tester/error0_carry_i_11/O
                         net (fo=4, unplaced)         0.443     5.140    tester/structural_test_adder/carry_bit_2
                         LUT6 (Prop_lut6_I0_O)        0.124     5.264 r  tester/error0_carry_i_38/O
                         net (fo=1, unplaced)         0.449     5.713    tester/cin_and__3
                         LUT6 (Prop_lut6_I5_O)        0.124     5.837 r  tester/error0_carry_i_36/O
                         net (fo=2, unplaced)         0.460     6.297    tester/structural_test_adder/carry_bit_7
                         LUT6 (Prop_lut6_I0_O)        0.124     6.421 r  tester/error0_carry__0_i_7/O
                         net (fo=2, unplaced)         0.460     6.881    tester/cin_and__8
                         LUT6 (Prop_lut6_I5_O)        0.124     7.005 r  tester/error0_carry__0_i_4/O
                         net (fo=1, unplaced)         0.902     7.907    tester/structural_test_adder/carry_bit_12
                         LUT6 (Prop_lut6_I2_O)        0.124     8.031 r  tester/error0_carry__0_i_1/O
                         net (fo=1, unplaced)         0.000     8.031    tester/error0_carry__0_i_1_n_0
                         CARRY4 (Prop_carry4_S[0]_CO[0])
                                                      0.364     8.395 r  tester/error0_carry__0/CO[0]
                         net (fo=1, unplaced)         0.311     8.706    tester/p_0_in
                         LUT2 (Prop_lut2_I1_O)        0.359     9.065 r  tester/error_i_1/O
                         net (fo=1, unplaced)         0.000     9.065    tester/error_i_1_n_0
                         FDRE                                         r  tester/error_reg/D
  -------------------------------------------------------------------    -------------------

                         (clock clk_125mhz_fpga rise edge)
                                                      8.000     8.000 r  
    H16                                               0.000     8.000 r  CLK_125MHZ_FPGA (IN)
                         net (fo=0)                   0.000     8.000    CLK_125MHZ_FPGA
    H16                  IBUF (Prop_ibuf_I_O)         1.380     9.380 r  CLK_125MHZ_FPGA_IBUF_inst/O
                         net (fo=1, unplaced)         0.760    10.140    CLK_125MHZ_FPGA_IBUF
                         BUFG (Prop_bufg_I_O)         0.091    10.231 r  CLK_125MHZ_FPGA_IBUF_BUFG_inst/O
                         net (fo=29, unplaced)        0.439    10.670    tester/CLK_125MHZ_FPGA_IBUF_BUFG
                         FDRE                                         r  tester/error_reg/C
                         clock pessimism              0.120    10.790    
                         clock uncertainty           -0.035    10.755    
                         FDRE (Setup_fdre_C_D)        0.044    10.799    tester/error_reg
  -------------------------------------------------------------------
                         required time                         10.799    
                         arrival time                          -9.065    
  -------------------------------------------------------------------
                         slack                                  1.734    





Min Delay Paths
--------------------------------------------------------------------------------------
Slack (MET) :             0.205ns  (arrival time - required time)
  Source:                 tester/error_reg/C
                            (rising edge-triggered cell FDRE clocked by clk_125mhz_fpga  {rise@0.000ns fall@4.000ns period=8.000ns})
  Destination:            tester/error_reg/D
                            (rising edge-triggered cell FDRE clocked by clk_125mhz_fpga  {rise@0.000ns fall@4.000ns period=8.000ns})
  Path Group:             clk_125mhz_fpga
  Path Type:              Hold (Min at Fast Process Corner)
  Requirement:            0.000ns  (clk_125mhz_fpga rise@0.000ns - clk_125mhz_fpga rise@0.000ns)
  Data Path Delay:        0.449ns  (logic 0.246ns (54.819%)  route 0.203ns (45.181%))
  Logic Levels:           1  (LUT2=1)
  Clock Path Skew:        0.145ns (DCD - SCD - CPR)
    Destination Clock Delay (DCD):    1.049ns
    Source Clock Delay      (SCD):    0.696ns
    Clock Pessimism Removal (CPR):    0.208ns

    Location             Delay type                Incr(ns)  Path(ns)    Netlist Resource(s)
  -------------------------------------------------------------------    -------------------
                         (clock clk_125mhz_fpga rise edge)
                                                      0.000     0.000 r  
    H16                                               0.000     0.000 r  CLK_125MHZ_FPGA (IN)
                         net (fo=0)                   0.000     0.000    CLK_125MHZ_FPGA
    H16                  IBUF (Prop_ibuf_I_O)         0.219     0.219 r  CLK_125MHZ_FPGA_IBUF_inst/O
                         net (fo=1, unplaced)         0.337     0.556    CLK_125MHZ_FPGA_IBUF
                         BUFG (Prop_bufg_I_O)         0.026     0.582 r  CLK_125MHZ_FPGA_IBUF_BUFG_inst/O
                         net (fo=29, unplaced)        0.114     0.696    tester/CLK_125MHZ_FPGA_IBUF_BUFG
                         FDRE                                         r  tester/error_reg/C
  -------------------------------------------------------------------    -------------------
                         FDRE (Prop_fdre_C_Q)         0.147     0.843 r  tester/error_reg/Q
                         net (fo=2, unplaced)         0.203     1.046    tester/error
                         LUT2 (Prop_lut2_I0_O)        0.099     1.145 r  tester/error_i_1/O
                         net (fo=1, unplaced)         0.000     1.145    tester/error_i_1_n_0
                         FDRE                                         r  tester/error_reg/D
  -------------------------------------------------------------------    -------------------

                         (clock clk_125mhz_fpga rise edge)
                                                      0.000     0.000 r  
    H16                                               0.000     0.000 r  CLK_125MHZ_FPGA (IN)
                         net (fo=0)                   0.000     0.000    CLK_125MHZ_FPGA
    H16                  IBUF (Prop_ibuf_I_O)         0.406     0.406 r  CLK_125MHZ_FPGA_IBUF_inst/O
                         net (fo=1, unplaced)         0.355     0.761    CLK_125MHZ_FPGA_IBUF
                         BUFG (Prop_bufg_I_O)         0.029     0.790 r  CLK_125MHZ_FPGA_IBUF_BUFG_inst/O
                         net (fo=29, unplaced)        0.259     1.049    tester/CLK_125MHZ_FPGA_IBUF_BUFG
                         FDRE                                         r  tester/error_reg/C
                         clock pessimism             -0.208     0.841    
                         FDRE (Hold_fdre_C_D)         0.099     0.940    tester/error_reg
  -------------------------------------------------------------------
                         required time                         -0.940    
                         arrival time                           1.145    
  -------------------------------------------------------------------
                         slack                                  0.205    





Pulse Width Checks
--------------------------------------------------------------------------------------
Clock Name:         clk_125mhz_fpga
Waveform(ns):       { 0.000 4.000 }
Period(ns):         8.000
Sources:            { CLK_125MHZ_FPGA }

Check Type        Corner  Lib Pin  Reference Pin  Required(ns)  Actual(ns)  Slack(ns)  Location  Pin
Min Period        n/a     BUFG/I   n/a            2.155         8.000       5.845                CLK_125MHZ_FPGA_IBUF_BUFG_inst/I
Low Pulse Width   Slow    FDRE/C   n/a            0.500         4.000       3.500                tester/error_reg/C
High Pulse Width  Fast    FDRE/C   n/a            0.500         4.000       3.500                tester/error_reg/C



