# Preference setting overrides
gui_create_pref_key -category {Globals} -key {load_detail_for_funcov} -value_type {bool} -value {false}
gui_create_pref_category -category {schem_obj_name}
gui_create_pref_key -category {schem_obj_name} -key {show_cell_and_pin_with_symbol_name} -value_type {bool} -value {false}
gui_create_pref_key -category {schem_pin_hc} -key {textExtFont} -value_type {string} -value {Helvetica,10,-1,5,50,0,0,0,0,0}

# State setting overrides
gui_state_default_create -off -ini
gui_set_state_value -category Globals -key recent_databases -value {{gui_open_db -file sim/dac_tb.vpd} {gui_open_db -file sim/nco_tb.vpd} {gui_open_db -file sim/counter_tb.vpd} {gui_open_db -file /home/cc/eecs151/fa23/class/eecs151-aer/fpga-labs-fa23-shridhay/lab3/sim/debouncer_tb.vpd -design V1} {gui_open_db -file sim/debouncer_tb.vpd}}
gui_set_state_value -category Layout -key child_console_size_x -value 1503
gui_set_state_value -category Layout -key child_console_size_y -value 163
gui_set_state_value -category Layout -key child_data_size_x -value 156
gui_set_state_value -category Layout -key child_data_size_y -value 718
gui_set_state_value -category Layout -key child_driver_size_x -value 1215
gui_set_state_value -category Layout -key child_driver_size_y -value 179
gui_set_state_value -category Layout -key child_hier_col3 -value {-1}
gui_set_state_value -category Layout -key child_hier_colpd -value 0
gui_set_state_value -category Layout -key child_hier_size_x -value 156
gui_set_state_value -category Layout -key child_hier_size_y -value 718
gui_set_state_value -category Layout -key child_list_down -value 193
gui_set_state_value -category Layout -key child_list_right -value 444
gui_set_state_value -category Layout -key child_schematic_docknewline -value false
gui_set_state_value -category Layout -key child_schematic_pos_x -value {-2}
gui_set_state_value -category Layout -key child_schematic_pos_y -value {-15}
gui_set_state_value -category Layout -key child_schematic_size_x -value 1178
gui_set_state_value -category Layout -key child_schematic_size_y -value 643
gui_set_state_value -category Layout -key child_source_docknewline -value false
gui_set_state_value -category Layout -key child_source_pos_x -value {-2}
gui_set_state_value -category Layout -key child_source_pos_y -value {-15}
gui_set_state_value -category Layout -key child_source_size_x -value 1194
gui_set_state_value -category Layout -key child_source_size_y -value 713
gui_set_state_value -category Layout -key child_wave_colname -value 267
gui_set_state_value -category Layout -key child_wave_colvalue -value 267
gui_set_state_value -category Layout -key child_wave_left -value 539
gui_set_state_value -category Layout -key child_wave_right -value 1315
gui_set_state_value -category Layout -key main_pos_x -value 299
gui_set_state_value -category Layout -key main_pos_y -value 65
gui_set_state_value -category Layout -key main_size_x -value 1802
gui_set_state_value -category Layout -key main_size_y -value 1053
gui_set_state_value -category Layout -key stand_list_child_docknewline -value false
gui_set_state_value -category Layout -key stand_list_child_pos_x -value {-2}
gui_set_state_value -category Layout -key stand_list_child_pos_y -value {-15}
gui_set_state_value -category Layout -key stand_list_child_size_x -value 604
gui_set_state_value -category Layout -key stand_list_child_size_y -value 338
gui_set_state_value -category Layout -key stand_list_top_pos_x -value 501
gui_set_state_value -category Layout -key stand_list_top_pos_y -value 56
gui_set_state_value -category Layout -key stand_list_top_size_y -value 555
gui_set_state_value -category Layout -key stand_source_child_docknewline -value false
gui_set_state_value -category Layout -key stand_source_child_pos_x -value {-2}
gui_set_state_value -category Layout -key stand_source_child_pos_y -value {-15}
gui_set_state_value -category Layout -key stand_source_child_size_x -value 1922
gui_set_state_value -category Layout -key stand_source_child_size_y -value 428
gui_set_state_value -category Layout -key stand_wave_child_docknewline -value false
gui_set_state_value -category Layout -key stand_wave_child_pos_x -value {-2}
gui_set_state_value -category Layout -key stand_wave_child_pos_y -value {-15}
gui_set_state_value -category Layout -key stand_wave_child_size_x -value 1864
gui_set_state_value -category Layout -key stand_wave_child_size_y -value 911
gui_set_state_value -category Layout -key stand_wave_top_pos_x -value 24
gui_set_state_value -category Layout -key stand_wave_top_pos_y -value 201
gui_set_state_value -category Layout -key stand_wave_top_size_x -value 1883
gui_set_state_value -category Layout -key stand_wave_top_size_y -value 1198
gui_create_state_key -category FindDialog -key m_pMatchCase -value_type bool -value false
gui_create_state_key -category FindDialog -key m_pMatchWord -value_type bool -value false
gui_create_state_key -category FindDialog -key m_pUseCombo -value_type string -value {}
gui_create_state_key -category FindDialog -key m_pWrapAround -value_type bool -value true
gui_create_state_key -category Widget_History -key {dlgSimSetup|m_setupTab|tab pages|SimTab|m_VPDCombo} -value_type string -value inter.vpd
gui_create_state_key -category Widget_History -key {dlgSimSetup|m_setupTab|tab pages|SimTab|m_curDirCombo} -value_type string -value /home/cc/eecs151/fa23/class/eecs151-aer/fpga-labs-fa23-shridhay/lab2
gui_state_default_create -off

# Begin command logging
gui_open_db -file sim/fifo_tb.vpd
gui_list_select -id Data.1 { {fifo_tb.TB.unnamed$$_0}  fifo_tb.clk  fifo_tb.rst  fifo_tb.wr_en  {fifo_tb.din[31:0]}  fifo_tb.full  fifo_tb.empty  {fifo_tb.dout[31:0]}  fifo_tb.rd_en  {fifo_tb.i[31:0]}  {fifo_tb.num_mismatches[31:0]}  {fifo_tb.num_items[31:0]}  {fifo_tb.write_delay[31:0]}  {fifo_tb.read_delay[31:0]}  {fifo_tb.write_idx[31:0]}  {fifo_tb.write_start[31:0]}  {fifo_tb.read_idx[31:0]}  {fifo_tb.read_start[31:0]}  {fifo_tb.z[31:0]}  {fifo_tb.test_values[49:0][31:0]}  {fifo_tb.received_values[49:0][31:0]}  {fifo_tb.WIDTH[31:0]}  {fifo_tb.test_values[49:0][31:0]}  {fifo_tb.received_values[49:0][31:0]}  {fifo_tb.WIDTH[31:0]}  {fifo_tb.test_values[49:0][31:0]}  {fifo_tb.read_start[31:0]}  {fifo_tb.z[31:0]}  {fifo_tb.test_values[49:0][31:0]}  {fifo_tb.read_start[31:0]}  {fifo_tb.write_idx[31:0]}  {fifo_tb.write_start[31:0]}  {fifo_tb.read_idx[31:0]}  {fifo_tb.read_start[31:0]}  {fifo_tb.write_idx[31:0]}  {fifo_tb.write_delay[31:0]}  {fifo_tb.read_delay[31:0]}  {fifo_tb.write_idx[31:0]}  {fifo_tb.write_delay[31:0]}  {fifo_tb.i[31:0]}  {fifo_tb.num_mismatches[31:0]}  {fifo_tb.num_items[31:0]}  {fifo_tb.write_delay[31:0]}  {fifo_tb.i[31:0]}  {fifo_tb.dout[31:0]}  fifo_tb.rd_en  {fifo_tb.i[31:0]}  {fifo_tb.dout[31:0]}  fifo_tb.full  fifo_tb.empty  {fifo_tb.dout[31:0]}  fifo_tb.full  fifo_tb.rst  fifo_tb.wr_en  {fifo_tb.din[31:0]}  fifo_tb.full  fifo_tb.rst  {fifo_tb.TB.unnamed$$_0}  fifo_tb.clk  fifo_tb.rst  {fifo_tb.TB.unnamed$$_0}  fifo_tb.clk  fifo_tb.rst  fifo_tb.wr_en  {fifo_tb.din[31:0]}  fifo_tb.full  fifo_tb.empty  {fifo_tb.dout[31:0]}  fifo_tb.rd_en  {fifo_tb.i[31:0]}  {fifo_tb.num_mismatches[31:0]}  {fifo_tb.num_items[31:0]}  {fifo_tb.write_delay[31:0]}  {fifo_tb.read_delay[31:0]}  {fifo_tb.write_idx[31:0]}  {fifo_tb.write_start[31:0]}  {fifo_tb.read_idx[31:0]}  {fifo_tb.read_start[31:0]}  {fifo_tb.z[31:0]}  {fifo_tb.test_values[49:0][31:0]}  {fifo_tb.received_values[49:0][31:0]}  {fifo_tb.WIDTH[31:0]}  {fifo_tb.LOGDEPTH[31:0]}  {fifo_tb.DEPTH[31:0]}   }
gui_open_window Wave
gui_list_add -id Wave.1 -from Data.1 { {fifo_tb.TB.unnamed$$_0} fifo_tb.clk fifo_tb.rst fifo_tb.wr_en {fifo_tb.din[31:0]} fifo_tb.full fifo_tb.empty {fifo_tb.dout[31:0]} fifo_tb.rd_en {fifo_tb.i[31:0]} {fifo_tb.num_mismatches[31:0]} {fifo_tb.num_items[31:0]} {fifo_tb.write_delay[31:0]} {fifo_tb.read_delay[31:0]} {fifo_tb.write_idx[31:0]} {fifo_tb.write_start[31:0]} {fifo_tb.read_idx[31:0]} {fifo_tb.read_start[31:0]} {fifo_tb.z[31:0]} {fifo_tb.test_values[49:0][31:0]} {fifo_tb.received_values[49:0][31:0]} {fifo_tb.WIDTH[31:0]} {fifo_tb.LOGDEPTH[31:0]} {fifo_tb.DEPTH[31:0]} } -insertionbar
gui_list_select -id Wave.1 -selected  { {fifo_tb.din[31:0]}   }
gui_list_select -id Wave.1 -selected  { {fifo_tb.dout[31:0]}   }
gui_list_select -id Wave.1 -selected  { {fifo_tb.num_items[31:0]}   }
gui_list_select -id Wave.1 -selected  { {fifo_tb.write_start[31:0]}   }
gui_list_expand -id  Wave.1   {fifo_tb.TB.unnamed$$_0}
gui_list_select -id Wave.1 -selected  { {New Group}   }
gui_list_select -id Wave.1 -selected  { {fifo_tb.DEPTH[31:0]}   }
gui_list_select -id Wave.1 -selected  { {fifo_tb.WIDTH[31:0]}   }
gui_list_select -id Wave.1 -selected  { {fifo_tb.received_values[49:0][31:0]}   }
gui_list_select -id Wave.1 -selected  { {fifo_tb.read_start[31:0]}   }
gui_marker_move -id  Wave.1 C1 398
gui_marker_move -id  Wave.1 C1 213
gui_zoom -window Wave.1 -full
gui_marker_move -id  Wave.1 C1 56987
gui_list_expand -id  Hier.1   fifo_tb
gui_list_select -id Hier.1 -current_item_name fifo_tb.write_to_fifo -current_item_type Scope  -selected  { fifo_tb  fifo_tb.write_to_fifo   }
gui_list_select -id Hier.1 -current_item_name fifo_tb.write_to_fifo -current_item_type Scope  -selected  {  }
gui_list_select -id Hier.1 -current_item_name fifo_tb.dut -current_item_type Scope  -selected  { fifo_tb.dut   }
gui_open_window Wave
gui_list_add -id Wave.2 -from Hier.1 { fifo_tb.dut } -insertionbar
gui_zoom -window Wave.2 -full
gui_list_select -id Wave.2 -selected  { {fifo_tb.dut.circ_array[7:0][31:0]}   }
gui_zoom -window  Wave.2  -full
gui_wv_zoom_timerange -id  Wave.2 0 15383
gui_list_expand -id  Wave.2   {fifo_tb.dut.circ_array[7:0][31:0]}
gui_list_collapse -id  Wave.2   {fifo_tb.dut.circ_array[7:0][31:0]}
gui_marker_move -id  Wave.2 C1 4400
gui_zoom -window Wave.2 -full
gui_wv_zoom_timerange -id  Wave.2 40555 58036
gui_zoom -window Wave.2 -full
gui_marker_move -id  Wave.2 C1 137049
gui_list_select -id Wave.2 -selected  {  }
gui_marker_move -id  Wave.2 C1 139263
gui_marker_move -id  Wave.2 C1 120034
gui_set_time 1580000 -id TopLevel.3
gui_marker_move -id  Wave.2 C1 1574893
gui_get_drivers -id Wave.2 -signal {fifo_tb.dut.counter[7:0]}
gui_list_select -id Wave.2 -selected  { {fifo_tb.dut.DEPTH[31:0]}   }
gui_marker_move -id  Wave.2 C1 1629316
gui_set_time_units 1ps
gui_list_select -id Wave.2 -selected  {  }
gui_set_time 1508000 -id TopLevel.3
gui_marker_select -id  Wave.2 { C1 }
gui_marker_move -id  Wave.2 C1 1750400
gui_marker_move -id  Wave.2 C1 1870430
gui_wv_zoom_timerange -id  Wave.2 992900 1168870
gui_list_expand -id  Wave.2   {fifo_tb.dut.circ_array[7:0][31:0]}
gui_list_collapse -id  Wave.2   {fifo_tb.dut.circ_array[7:0][31:0]}
gui_marker_move -id  Wave.2 C1 1041130
gui_zoom -window Wave.2 -full
gui_marker_move -id  Wave.2 C1 1246960
gui_wv_zoom_timerange -id  Wave.2 1013880 1168870
gui_list_select -id Wave.2 -selected  { {fifo_tb.dut.din[31:0]}   }
gui_list_set_selected_property -id Wave.2 -radix decimal
gui_marker_move -id  Wave.2 C1 1144100
gui_marker_move -id  Wave.2 C1 1060000
gui_zoom -window Wave.2 -full
gui_zoom -window Wave.2 -full
gui_wv_zoom_timerange -id  Wave.2 990570 1156060
gui_list_expand -id  Wave.2   {fifo_tb.dut.circ_array[7:0][31:0]}
gui_list_select -id Wave.2 -selected  { {fifo_tb.dut.circ_array[7:0][31:0]}   }
gui_list_set_selected_property -id Wave.2 -radix decimal
gui_marker_move -id  Wave.2 C1 1007140
gui_set_time 1508000 -id TopLevel.3
gui_marker_move -id  Wave.2 C1 1481350
gui_get_drivers -id Wave.2 -signal fifo_tb.dut.empty_reg
gui_marker_move -id  Wave.2 C1 1484170
gui_marker_move -id  Wave.2 C1 1507950
gui_marker_move -id  Wave.2 C1 1429940
gui_zoom -window Wave.2 -full
gui_wv_zoom_timerange -id  Wave.2 747010 1165380
gui_marker_move -id  Wave.2 C1 788240
gui_marker_move -id  Wave.2 C1 764320
gui_wv_scroll_hslidermove -id  Wave.2 3370
gui_list_select -id Wave.2 -selected  { {fifo_tb.dut.circ_array[4][31:0]}   }
gui_list_add  -id  Wave.2   -after {fifo_tb.dut.circ_array[0][31:0]} {{fifo_tb.dut.circ_array[4][31:0]}} 
gui_list_select -id Wave.2 -selected  { {fifo_tb.dut.circ_array[7:0][31:0]}   }
gui_wv_scroll_hslidermove -id  Wave.2 3370
