#
# An unexpected error has occurred (11)
#
Stack:
/lib64/libc.so.6(+0x4eb50) [0x7f80a0a1cb50]
/share/instsww/xilinx/Vivado/current/lib/lnx64.o/librdi_project.so(HAPRDesign::getNetlist() const+0) [0x7f8055bc7d20]
/share/instsww/xilinx/Vivado/current/lib/lnx64.o/librdi_project.so(HAPRDesignCheckpoint::restore(HAPRProject*, HDARPart const*, std::__cxx11::basic_string<char, std::char_traits<char>, std::allocator<char> > const&, HDGUIStatus&, bool, bool, bool, std::unordered_set<std::__cxx11::basic_string<char, std::char_traits<char>, std::allocator<char> >, std::hash<std::__cxx11::basic_string<char, std::char_traits<char>, std::allocator<char> > >, std::equal_to<std::__cxx11::basic_string<char, std::char_traits<char>, std::allocator<char> > >, std::allocator<std::__cxx11::basic_string<char, std::char_traits<char>, std::allocator<char> > > > const&)+0x283) [0x7f8055bed5e3]
/share/instsww/xilinx/Vivado/current/lib/lnx64.o/librdi_tcltasks.so(+0xed8de1) [0x7f808304ade1]
/share/instsww/xilinx/Vivado/current/lib/lnx64.o/librdi_common.so(+0x9cfb1d) [0x7f80a1f0ab1d]
/share/instsww/xilinx/Vivado/current/lib/lnx64.o/libtcl8.5.so(+0x3356f) [0x7f809bccd56f]
/share/instsww/xilinx/Vivado/current/lib/lnx64.o/libtcl8.5.so(+0x34bf8) [0x7f809bccebf8]
/share/instsww/xilinx/Vivado/current/lib/lnx64.o/libtcl8.5.so(Tcl_EvalEx+0x13) [0x7f809bccf163]
/share/instsww/xilinx/Vivado/current/lib/lnx64.o/libtcl8.5.so(Tcl_FSEvalFileEx+0x1da) [0x7f809bd33d2a]
/share/instsww/xilinx/Vivado/current/lib/lnx64.o/librdi_commontasks.so(+0x1f8c0d) [0x7f80865bec0d]
/share/instsww/xilinx/Vivado/current/lib/lnx64.o/librdi_common.so(+0x9cfb1d) [0x7f80a1f0ab1d]
/share/instsww/xilinx/Vivado/current/lib/lnx64.o/libtcl8.5.so(+0x3356f) [0x7f809bccd56f]
/share/instsww/xilinx/Vivado/current/lib/lnx64.o/libtcl8.5.so(Tcl_EvalObjv+0x32) [0x7f809bccd6a2]
/share/instsww/xilinx/Vivado/current/lib/lnx64.o/libtcl8.5.so(TclEvalObjEx+0x322) [0x7f809bccf4c2]
/share/instsww/xilinx/Vivado/current/lib/lnx64.o/librdi_commontasks.so(+0x23f1d9) [0x7f80866051d9]
/share/instsww/xilinx/Vivado/current/lib/lnx64.o/librdi_commontasks.so(+0x240bde) [0x7f8086606bde]
/share/instsww/xilinx/Vivado/current/lib/lnx64.o/librdi_common.so(+0x9cfb1d) [0x7f80a1f0ab1d]
/share/instsww/xilinx/Vivado/current/lib/lnx64.o/libtcl8.5.so(+0x3356f) [0x7f809bccd56f]
/share/instsww/xilinx/Vivado/current/lib/lnx64.o/libtcl8.5.so(Tcl_EvalObjv+0x32) [0x7f809bccd6a2]
/share/instsww/xilinx/Vivado/current/lib/lnx64.o/libtcl8.5.so(TclEvalObjEx+0x322) [0x7f809bccf4c2]
/share/instsww/xilinx/Vivado/current/lib/lnx64.o/librdi_commonmain.so(+0xad53) [0x7f80a1333d53]
/share/instsww/xilinx/Vivado/current/lib/lnx64.o/libtcl8.5.so(Tcl_Main+0x1d0) [0x7f809bd3a2f0]
/share/instsww/xilinx/Vivado/current/lib/lnx64.o/librdi_common.so(+0xa1442b) [0x7f80a1f4f42b]
/lib64/libpthread.so.0(+0x81ca) [0x7f80a07b61ca]
/lib64/libc.so.6(clone+0x43) [0x7f80a0a07e73]
