#
# An unexpected error has occurred (11)
#
Stack:
/lib64/libc.so.6(+0x4eb50) [0x7fcd6155fb50]
/share/instsww/xilinx/Vivado/current/lib/lnx64.o/librdi_project.so(HAPRDesign::getNetlist() const+0) [0x7fcd1670ad20]
/share/instsww/xilinx/Vivado/current/lib/lnx64.o/librdi_project.so(HAPRDesignCheckpoint::restore(HAPRProject*, HDARPart const*, std::__cxx11::basic_string<char, std::char_traits<char>, std::allocator<char> > const&, HDGUIStatus&, bool, bool, bool, std::unordered_set<std::__cxx11::basic_string<char, std::char_traits<char>, std::allocator<char> >, std::hash<std::__cxx11::basic_string<char, std::char_traits<char>, std::allocator<char> > >, std::equal_to<std::__cxx11::basic_string<char, std::char_traits<char>, std::allocator<char> > >, std::allocator<std::__cxx11::basic_string<char, std::char_traits<char>, std::allocator<char> > > > const&)+0x283) [0x7fcd167305e3]
/share/instsww/xilinx/Vivado/current/lib/lnx64.o/librdi_tcltasks.so(+0xed8de1) [0x7fcd43b8dde1]
/share/instsww/xilinx/Vivado/current/lib/lnx64.o/librdi_common.so(+0x9cfb1d) [0x7fcd62a4db1d]
/share/instsww/xilinx/Vivado/current/lib/lnx64.o/libtcl8.5.so(+0x3356f) [0x7fcd5c81056f]
/share/instsww/xilinx/Vivado/current/lib/lnx64.o/libtcl8.5.so(+0x34bf8) [0x7fcd5c811bf8]
/share/instsww/xilinx/Vivado/current/lib/lnx64.o/libtcl8.5.so(Tcl_EvalEx+0x13) [0x7fcd5c812163]
/share/instsww/xilinx/Vivado/current/lib/lnx64.o/libtcl8.5.so(Tcl_FSEvalFileEx+0x1da) [0x7fcd5c876d2a]
/share/instsww/xilinx/Vivado/current/lib/lnx64.o/librdi_commontasks.so(+0x1f8c0d) [0x7fcd47101c0d]
/share/instsww/xilinx/Vivado/current/lib/lnx64.o/librdi_common.so(+0x9cfb1d) [0x7fcd62a4db1d]
/share/instsww/xilinx/Vivado/current/lib/lnx64.o/libtcl8.5.so(+0x3356f) [0x7fcd5c81056f]
/share/instsww/xilinx/Vivado/current/lib/lnx64.o/libtcl8.5.so(Tcl_EvalObjv+0x32) [0x7fcd5c8106a2]
/share/instsww/xilinx/Vivado/current/lib/lnx64.o/libtcl8.5.so(TclEvalObjEx+0x322) [0x7fcd5c8124c2]
/share/instsww/xilinx/Vivado/current/lib/lnx64.o/librdi_commontasks.so(+0x23f1d9) [0x7fcd471481d9]
/share/instsww/xilinx/Vivado/current/lib/lnx64.o/librdi_commontasks.so(+0x240bde) [0x7fcd47149bde]
/share/instsww/xilinx/Vivado/current/lib/lnx64.o/librdi_common.so(+0x9cfb1d) [0x7fcd62a4db1d]
/share/instsww/xilinx/Vivado/current/lib/lnx64.o/libtcl8.5.so(+0x3356f) [0x7fcd5c81056f]
/share/instsww/xilinx/Vivado/current/lib/lnx64.o/libtcl8.5.so(Tcl_EvalObjv+0x32) [0x7fcd5c8106a2]
/share/instsww/xilinx/Vivado/current/lib/lnx64.o/libtcl8.5.so(TclEvalObjEx+0x322) [0x7fcd5c8124c2]
/share/instsww/xilinx/Vivado/current/lib/lnx64.o/librdi_commonmain.so(+0xad53) [0x7fcd61e76d53]
/share/instsww/xilinx/Vivado/current/lib/lnx64.o/libtcl8.5.so(Tcl_Main+0x1d0) [0x7fcd5c87d2f0]
/share/instsww/xilinx/Vivado/current/lib/lnx64.o/librdi_common.so(+0xa1442b) [0x7fcd62a9242b]
/lib64/libpthread.so.0(+0x81ca) [0x7fcd612f91ca]
/lib64/libc.so.6(clone+0x43) [0x7fcd6154ae73]
