WARNING: Default location for XILINX_HLS not found

****** Vivado v2020.2 (64-bit)
  **** SW Build 3064766 on Wed Nov 18 09:12:47 MST 2020
  **** IP Build 3064653 on Wed Nov 18 14:17:31 MST 2020
    ** Copyright 1986-2020 Xilinx, Inc. All Rights Reserved.

source /home/cc/eecs151/fa23/class/eecs151-aer/fpga-labs-fa23-shridhay/lab4/../scripts/impl.tcl
# source ../target.tcl
## set ABS_TOP                         /home/cc/eecs151/fa23/class/eecs151-aer/fpga-labs-fa23-shridhay/lab4
## set TOP                            z1top
## set FPGA_PART                      xc7z020clg400-1
## set_param general.maxThreads       4
## set_param general.maxBackupLogs    0
## set RTL { /home/cc/eecs151/fa23/class/eecs151-aer/fpga-labs-fa23-shridhay/lab4/src/button_parser.v /home/cc/eecs151/fa23/class/eecs151-aer/fpga-labs-fa23-shridhay/lab4/src/dac.v /home/cc/eecs151/fa23/class/eecs151-aer/fpga-labs-fa23-shridhay/lab4/src/debouncer.v /home/cc/eecs151/fa23/class/eecs151-aer/fpga-labs-fa23-shridhay/lab4/src/edge_detector.v /home/cc/eecs151/fa23/class/eecs151-aer/fpga-labs-fa23-shridhay/lab4/src/fcw_ram.v /home/cc/eecs151/fa23/class/eecs151-aer/fpga-labs-fa23-shridhay/lab4/src/fsm.v /home/cc/eecs151/fa23/class/eecs151-aer/fpga-labs-fa23-shridhay/lab4/src/nco.v /home/cc/eecs151/fa23/class/eecs151-aer/fpga-labs-fa23-shridhay/lab4/src/sq_wave_gen.v /home/cc/eecs151/fa23/class/eecs151-aer/fpga-labs-fa23-shridhay/lab4/src/synchronizer.v /home/cc/eecs151/fa23/class/eecs151-aer/fpga-labs-fa23-shridhay/lab4/src/z1top.v }
## set CONSTRAINTS { /home/cc/eecs151/fa23/class/eecs151-aer/fpga-labs-fa23-shridhay/lab4/src/z1top.xdc }
# open_checkpoint ${ABS_TOP}/build/synth/${TOP}.dcp
Command: open_checkpoint /home/cc/eecs151/fa23/class/eecs151-aer/fpga-labs-fa23-shridhay/lab4/build/synth/z1top.dcp

Starting open_checkpoint Task

Time (s): cpu = 00:00:00.03 ; elapsed = 00:00:00.05 . Memory (MB): peak = 2531.520 ; gain = 0.000 ; free physical = 60001 ; free virtual = 66468
INFO: [Device 21-403] Loading part xc7z020clg400-1
Netlist sorting complete. Time (s): cpu = 00:00:00 ; elapsed = 00:00:00 . Memory (MB): peak = 2537.719 ; gain = 0.000 ; free physical = 59665 ; free virtual = 66131
INFO: [Netlist 29-17] Analyzing 54 Unisim elements for replacement
INFO: [Netlist 29-28] Unisim Transformation completed in 0 CPU seconds
INFO: [Project 1-479] Netlist was created with Vivado 2020.2
INFO: [Project 1-570] Preparing netlist for logic optimization
INFO: [Timing 38-478] Restoring timing data from binary archive.
INFO: [Timing 38-479] Binary timing data restore complete.
INFO: [Project 1-856] Restoring constraints from binary archive.
INFO: [Project 1-853] Binary constraint restore complete.
Reading XDEF placement.
Reading placer database...
Reading XDEF routing.
Read XDEF File: Time (s): cpu = 00:00:00.04 ; elapsed = 00:00:00.07 . Memory (MB): peak = 2590.656 ; gain = 0.000 ; free physical = 59157 ; free virtual = 65624
Restored from archive | CPU: 0.060000 secs | Memory: 1.151611 MB |
Finished XDEF File Restore: Time (s): cpu = 00:00:00.04 ; elapsed = 00:00:00.07 . Memory (MB): peak = 2590.656 ; gain = 0.000 ; free physical = 59157 ; free virtual = 65624
Netlist sorting complete. Time (s): cpu = 00:00:00 ; elapsed = 00:00:00 . Memory (MB): peak = 2590.656 ; gain = 0.000 ; free physical = 59157 ; free virtual = 65624
INFO: [Project 1-111] Unisim Transformation Summary:
No Unisim elements were transformed.

INFO: [Project 1-604] Checkpoint was created with Vivado v2020.2 (64-bit) build 3064766
open_checkpoint: Time (s): cpu = 00:00:08 ; elapsed = 00:00:14 . Memory (MB): peak = 2590.656 ; gain = 59.137 ; free physical = 59157 ; free virtual = 65624
# if {[string trim ${CONSTRAINTS}] ne ""} {
#   read_xdc ${CONSTRAINTS}
# }
Parsing XDC File [/home/cc/eecs151/fa23/class/eecs151-aer/fpga-labs-fa23-shridhay/lab4/src/z1top.xdc]
Finished Parsing XDC File [/home/cc/eecs151/fa23/class/eecs151-aer/fpga-labs-fa23-shridhay/lab4/src/z1top.xdc]
# opt_design
Command: opt_design
Attempting to get a license for feature 'Implementation' and/or device 'xc7z020'
INFO: [Common 17-349] Got license for feature 'Implementation' and/or device 'xc7z020'
Running DRC as a precondition to command opt_design

Starting DRC Task
INFO: [DRC 23-27] Running DRC with 4 threads
INFO: [Project 1-461] DRC finished with 0 Errors
INFO: [Project 1-462] Please refer to the DRC report (report_drc) for more information.

Time (s): cpu = 00:00:00.92 ; elapsed = 00:00:00.77 . Memory (MB): peak = 2677.203 ; gain = 86.547 ; free physical = 59145 ; free virtual = 65613

Starting Cache Timing Information Task
INFO: [Timing 38-35] Done setting XDC timing constraints.
Ending Cache Timing Information Task | Checksum: 1e7f28afa

Time (s): cpu = 00:00:00.03 ; elapsed = 00:00:00.03 . Memory (MB): peak = 2735.016 ; gain = 57.812 ; free physical = 59113 ; free virtual = 65581

Starting Logic Optimization Task

Phase 1 Retarget
INFO: [Opt 31-138] Pushed 0 inverter(s) to 0 load pin(s).
INFO: [Opt 31-49] Retargeted 0 cell(s).
Phase 1 Retarget | Checksum: 1e7f28afa

Time (s): cpu = 00:00:00.04 ; elapsed = 00:00:00.04 . Memory (MB): peak = 2887.016 ; gain = 0.000 ; free physical = 58968 ; free virtual = 65435
INFO: [Opt 31-389] Phase Retarget created 0 cells and removed 0 cells

Phase 2 Constant propagation
INFO: [Opt 31-138] Pushed 0 inverter(s) to 0 load pin(s).
Phase 2 Constant propagation | Checksum: 263753483

Time (s): cpu = 00:00:00.04 ; elapsed = 00:00:00.04 . Memory (MB): peak = 2887.016 ; gain = 0.000 ; free physical = 58968 ; free virtual = 65435
INFO: [Opt 31-389] Phase Constant propagation created 0 cells and removed 0 cells

Phase 3 Sweep
Phase 3 Sweep | Checksum: 27cf7b920

Time (s): cpu = 00:00:00.05 ; elapsed = 00:00:00.05 . Memory (MB): peak = 2887.016 ; gain = 0.000 ; free physical = 58968 ; free virtual = 65435
INFO: [Opt 31-389] Phase Sweep created 0 cells and removed 0 cells

Phase 4 BUFG optimization
Phase 4 BUFG optimization | Checksum: 27cf7b920

Time (s): cpu = 00:00:00.05 ; elapsed = 00:00:00.05 . Memory (MB): peak = 2887.016 ; gain = 0.000 ; free physical = 58968 ; free virtual = 65435
INFO: [Opt 31-662] Phase BUFG optimization created 0 cells of which 0 are BUFGs and removed 0 cells.

Phase 5 Shift Register Optimization
INFO: [Opt 31-1064] SRL Remap converted 0 SRLs to 0 registers and converted 0 registers of register chains to 0 SRLs
Phase 5 Shift Register Optimization | Checksum: 27cf7b920

Time (s): cpu = 00:00:00.05 ; elapsed = 00:00:00.05 . Memory (MB): peak = 2887.016 ; gain = 0.000 ; free physical = 58968 ; free virtual = 65435
INFO: [Opt 31-389] Phase Shift Register Optimization created 0 cells and removed 0 cells

Phase 6 Post Processing Netlist
Phase 6 Post Processing Netlist | Checksum: 27cf7b920

Time (s): cpu = 00:00:00.05 ; elapsed = 00:00:00.05 . Memory (MB): peak = 2887.016 ; gain = 0.000 ; free physical = 58968 ; free virtual = 65435
INFO: [Opt 31-389] Phase Post Processing Netlist created 0 cells and removed 0 cells
Opt_design Change Summary
=========================


-------------------------------------------------------------------------------------------------------------------------
|  Phase                        |  #Cells created  |  #Cells Removed  |  #Constrained objects preventing optimizations  |
-------------------------------------------------------------------------------------------------------------------------
|  Retarget                     |               0  |               0  |                                              0  |
|  Constant propagation         |               0  |               0  |                                              0  |
|  Sweep                        |               0  |               0  |                                              0  |
|  BUFG optimization            |               0  |               0  |                                              0  |
|  Shift Register Optimization  |               0  |               0  |                                              0  |
|  Post Processing Netlist      |               0  |               0  |                                              0  |
-------------------------------------------------------------------------------------------------------------------------



Starting Connectivity Check Task

Time (s): cpu = 00:00:00 ; elapsed = 00:00:00 . Memory (MB): peak = 2887.016 ; gain = 0.000 ; free physical = 58968 ; free virtual = 65435
Ending Logic Optimization Task | Checksum: 219941718

Time (s): cpu = 00:00:00.06 ; elapsed = 00:00:00.06 . Memory (MB): peak = 2887.016 ; gain = 0.000 ; free physical = 58968 ; free virtual = 65435

Starting Power Optimization Task
INFO: [Pwropt 34-132] Skipping clock gating for clocks with a period < 2.00 ns.
INFO: [Pwropt 34-9] Applying IDT optimizations ...
INFO: [Pwropt 34-10] Applying ODC optimizations ...
INFO: [Timing 38-35] Done setting XDC timing constraints.
Running Vector-less Activity Propagation...

Finished Running Vector-less Activity Propagation


Starting PowerOpt Patch Enables Task
INFO: [Pwropt 34-162] WRITE_MODE attribute of 0 BRAM(s) out of a total of 1 has been updated to save power. Run report_power_opt to get a complete listing of the BRAMs updated.
INFO: [Pwropt 34-201] Structural ODC has moved 0 WE to EN ports
Number of BRAM Ports augmented: 0 newly gated: 0 Total Ports: 2
Ending PowerOpt Patch Enables Task | Checksum: 219941718

Time (s): cpu = 00:00:00.01 ; elapsed = 00:00:00 . Memory (MB): peak = 3086.012 ; gain = 0.000 ; free physical = 58956 ; free virtual = 65429
Ending Power Optimization Task | Checksum: 219941718

Time (s): cpu = 00:00:00.50 ; elapsed = 00:00:00.26 . Memory (MB): peak = 3086.012 ; gain = 198.996 ; free physical = 58961 ; free virtual = 65433

Starting Final Cleanup Task
Ending Final Cleanup Task | Checksum: 219941718

Time (s): cpu = 00:00:00 ; elapsed = 00:00:00 . Memory (MB): peak = 3086.012 ; gain = 0.000 ; free physical = 58961 ; free virtual = 65433

Starting Netlist Obfuscation Task
Netlist sorting complete. Time (s): cpu = 00:00:00 ; elapsed = 00:00:00 . Memory (MB): peak = 3086.012 ; gain = 0.000 ; free physical = 58961 ; free virtual = 65433
Ending Netlist Obfuscation Task | Checksum: 219941718

Time (s): cpu = 00:00:00 ; elapsed = 00:00:00 . Memory (MB): peak = 3086.012 ; gain = 0.000 ; free physical = 58961 ; free virtual = 65433
INFO: [Common 17-83] Releasing license: Implementation
22 Infos, 0 Warnings, 0 Critical Warnings and 0 Errors encountered.
opt_design completed successfully
INFO: [Common 17-600] The following parameters have non-default value.
general.maxThreads
# place_design
Command: place_design
Attempting to get a license for feature 'Implementation' and/or device 'xc7z020'
INFO: [Common 17-349] Got license for feature 'Implementation' and/or device 'xc7z020'
INFO: [Timing 38-35] Done setting XDC timing constraints.
INFO: [DRC 23-27] Running DRC with 4 threads
INFO: [Vivado_Tcl 4-198] DRC finished with 0 Errors
INFO: [Vivado_Tcl 4-199] Please refer to the DRC report (report_drc) for more information.
Running DRC as a precondition to command place_design
INFO: [DRC 23-27] Running DRC with 4 threads
INFO: [Vivado_Tcl 4-198] DRC finished with 0 Errors
INFO: [Vivado_Tcl 4-199] Please refer to the DRC report (report_drc) for more information.

Starting Placer Task
INFO: [Place 30-611] Multithreading enabled for place_design using a maximum of 4 CPUs

Phase 1 Placer Initialization

Phase 1.1 Placer Initialization Netlist Sorting
Netlist sorting complete. Time (s): cpu = 00:00:00 ; elapsed = 00:00:00 . Memory (MB): peak = 3086.012 ; gain = 0.000 ; free physical = 58907 ; free virtual = 65380
Phase 1.1 Placer Initialization Netlist Sorting | Checksum: 187b896fd

Time (s): cpu = 00:00:00 ; elapsed = 00:00:00.04 . Memory (MB): peak = 3086.012 ; gain = 0.000 ; free physical = 58907 ; free virtual = 65380
Netlist sorting complete. Time (s): cpu = 00:00:00 ; elapsed = 00:00:00 . Memory (MB): peak = 3086.012 ; gain = 0.000 ; free physical = 58907 ; free virtual = 65380

Phase 1.2 IO Placement/ Clock Placement/ Build Placer Device
Phase 1.2 IO Placement/ Clock Placement/ Build Placer Device | Checksum: 1758efb6e

Time (s): cpu = 00:00:00.25 ; elapsed = 00:00:00.18 . Memory (MB): peak = 3086.012 ; gain = 0.000 ; free physical = 58934 ; free virtual = 65411

Phase 1.3 Build Placer Netlist Model
Phase 1.3 Build Placer Netlist Model | Checksum: 22809e5e0

Time (s): cpu = 00:00:00.44 ; elapsed = 00:00:00.26 . Memory (MB): peak = 3086.012 ; gain = 0.000 ; free physical = 58948 ; free virtual = 65425

Phase 1.4 Constrain Clocks/Macros
Phase 1.4 Constrain Clocks/Macros | Checksum: 22809e5e0

Time (s): cpu = 00:00:00.44 ; elapsed = 00:00:00.26 . Memory (MB): peak = 3086.012 ; gain = 0.000 ; free physical = 58948 ; free virtual = 65425
Phase 1 Placer Initialization | Checksum: 22809e5e0

Time (s): cpu = 00:00:00.45 ; elapsed = 00:00:00.27 . Memory (MB): peak = 3086.012 ; gain = 0.000 ; free physical = 58947 ; free virtual = 65424

Phase 2 Global Placement

Phase 2.1 Floorplanning
Phase 2.1 Floorplanning | Checksum: 255c4f186

Time (s): cpu = 00:00:00.51 ; elapsed = 00:00:00.29 . Memory (MB): peak = 3086.012 ; gain = 0.000 ; free physical = 58945 ; free virtual = 65423

Phase 2.2 Update Timing before SLR Path Opt
Phase 2.2 Update Timing before SLR Path Opt | Checksum: 20d062b45

Time (s): cpu = 00:00:00.55 ; elapsed = 00:00:00.30 . Memory (MB): peak = 3086.012 ; gain = 0.000 ; free physical = 58945 ; free virtual = 65423

Phase 2.3 Global Placement Core

Phase 2.3.1 Physical Synthesis In Placer
INFO: [Physopt 32-1035] Found 0 LUTNM shape to break, 14 LUT instances to create LUTNM shape
INFO: [Physopt 32-1044] Break lutnm for timing: one critical 0, two critical 0, total 0, new lutff created 0
INFO: [Physopt 32-775] End 1 Pass. Optimized 6 nets or cells. Created 0 new cell, deleted 6 existing cells and moved 0 existing cell
INFO: [Physopt 32-65] No nets found for high-fanout optimization.
INFO: [Physopt 32-232] Optimized 0 net. Created 0 new instance.
INFO: [Physopt 32-775] End 1 Pass. Optimized 0 net or cell. Created 0 new cell, deleted 0 existing cell and moved 0 existing cell
INFO: [Physopt 32-670] No setup violation found.  DSP Register Optimization was not performed.
INFO: [Physopt 32-670] No setup violation found.  Shift Register to Pipeline Optimization was not performed.
INFO: [Physopt 32-670] No setup violation found.  Shift Register Optimization was not performed.
INFO: [Physopt 32-670] No setup violation found.  BRAM Register Optimization was not performed.
INFO: [Physopt 32-670] No setup violation found.  URAM Register Optimization was not performed.
INFO: [Physopt 32-949] No candidate nets found for dynamic/static region interface net replication
INFO: [Physopt 32-775] End 1 Pass. Optimized 0 net or cell. Created 0 new cell, deleted 0 existing cell and moved 0 existing cell
Netlist sorting complete. Time (s): cpu = 00:00:00 ; elapsed = 00:00:00 . Memory (MB): peak = 3094.016 ; gain = 0.000 ; free physical = 58926 ; free virtual = 65405

Summary of Physical Synthesis Optimizations
============================================


-----------------------------------------------------------------------------------------------------------------------------------------------------------
|  Optimization                                     |  Added Cells  |  Removed Cells  |  Optimized Cells/Nets  |  Dont Touch  |  Iterations  |  Elapsed   |
-----------------------------------------------------------------------------------------------------------------------------------------------------------
|  LUT Combining                                    |            0  |              6  |                     6  |           0  |           1  |  00:00:00  |
|  Very High Fanout                                 |            0  |              0  |                     0  |           0  |           1  |  00:00:00  |
|  DSP Register                                     |            0  |              0  |                     0  |           0  |           0  |  00:00:00  |
|  Shift Register to Pipeline                       |            0  |              0  |                     0  |           0  |           0  |  00:00:00  |
|  Shift Register                                   |            0  |              0  |                     0  |           0  |           0  |  00:00:00  |
|  BRAM Register                                    |            0  |              0  |                     0  |           0  |           0  |  00:00:00  |
|  URAM Register                                    |            0  |              0  |                     0  |           0  |           0  |  00:00:00  |
|  Dynamic/Static Region Interface Net Replication  |            0  |              0  |                     0  |           0  |           1  |  00:00:00  |
|  Total                                            |            0  |              6  |                     6  |           0  |           3  |  00:00:00  |
-----------------------------------------------------------------------------------------------------------------------------------------------------------


Phase 2.3.1 Physical Synthesis In Placer | Checksum: 29e885cc5

Time (s): cpu = 00:00:02 ; elapsed = 00:00:00.86 . Memory (MB): peak = 3094.016 ; gain = 8.004 ; free physical = 58926 ; free virtual = 65405
Phase 2.3 Global Placement Core | Checksum: 22a397ee8

Time (s): cpu = 00:00:02 ; elapsed = 00:00:00.88 . Memory (MB): peak = 3094.016 ; gain = 8.004 ; free physical = 58925 ; free virtual = 65404
Phase 2 Global Placement | Checksum: 22a397ee8

Time (s): cpu = 00:00:02 ; elapsed = 00:00:00.88 . Memory (MB): peak = 3094.016 ; gain = 8.004 ; free physical = 58925 ; free virtual = 65404

Phase 3 Detail Placement

Phase 3.1 Commit Multi Column Macros
Phase 3.1 Commit Multi Column Macros | Checksum: 1fac19a99

Time (s): cpu = 00:00:02 ; elapsed = 00:00:00.89 . Memory (MB): peak = 3094.016 ; gain = 8.004 ; free physical = 58925 ; free virtual = 65405

Phase 3.2 Commit Most Macros & LUTRAMs
Phase 3.2 Commit Most Macros & LUTRAMs | Checksum: 27d767096

Time (s): cpu = 00:00:02 ; elapsed = 00:00:00.91 . Memory (MB): peak = 3094.016 ; gain = 8.004 ; free physical = 58924 ; free virtual = 65404

Phase 3.3 Area Swap Optimization
Phase 3.3 Area Swap Optimization | Checksum: 200c8df25

Time (s): cpu = 00:00:02 ; elapsed = 00:00:00.92 . Memory (MB): peak = 3094.016 ; gain = 8.004 ; free physical = 58924 ; free virtual = 65404

Phase 3.4 Pipeline Register Optimization
Phase 3.4 Pipeline Register Optimization | Checksum: 22ae1a5a0

Time (s): cpu = 00:00:02 ; elapsed = 00:00:00.92 . Memory (MB): peak = 3094.016 ; gain = 8.004 ; free physical = 58924 ; free virtual = 65404

Phase 3.5 Small Shape Detail Placement
Phase 3.5 Small Shape Detail Placement | Checksum: 21e8aa79a

Time (s): cpu = 00:00:02 ; elapsed = 00:00:01 . Memory (MB): peak = 3094.016 ; gain = 8.004 ; free physical = 58921 ; free virtual = 65402

Phase 3.6 Re-assign LUT pins
Phase 3.6 Re-assign LUT pins | Checksum: 277be78c7

Time (s): cpu = 00:00:02 ; elapsed = 00:00:01 . Memory (MB): peak = 3094.016 ; gain = 8.004 ; free physical = 58921 ; free virtual = 65402

Phase 3.7 Pipeline Register Optimization
Phase 3.7 Pipeline Register Optimization | Checksum: 24da53f2c

Time (s): cpu = 00:00:02 ; elapsed = 00:00:01 . Memory (MB): peak = 3094.016 ; gain = 8.004 ; free physical = 58921 ; free virtual = 65402
Phase 3 Detail Placement | Checksum: 24da53f2c

Time (s): cpu = 00:00:02 ; elapsed = 00:00:01 . Memory (MB): peak = 3094.016 ; gain = 8.004 ; free physical = 58921 ; free virtual = 65402

Phase 4 Post Placement Optimization and Clean-Up

Phase 4.1 Post Commit Optimization
INFO: [Timing 38-35] Done setting XDC timing constraints.

Phase 4.1.1 Post Placement Optimization
Post Placement Optimization Initialization | Checksum: faec637d

Phase 4.1.1.1 BUFG Insertion

Starting Physical Synthesis Task

Phase 1 Physical Synthesis Initialization
INFO: [Physopt 32-721] Multithreading enabled for phys_opt_design using a maximum of 4 CPUs
INFO: [Physopt 32-619] Estimated Timing Summary | WNS=0.843 | TNS=0.000 |
Phase 1 Physical Synthesis Initialization | Checksum: b24443bd

Time (s): cpu = 00:00:00.06 ; elapsed = 00:00:00.01 . Memory (MB): peak = 3094.016 ; gain = 0.000 ; free physical = 58922 ; free virtual = 65402
INFO: [Place 46-56] BUFG insertion identified 0 candidate nets. Inserted BUFG: 0, Replicated BUFG Driver: 0, Skipped due to Placement/Routing Conflicts: 0, Skipped due to Timing Degradation: 0, Skipped due to Illegal Netlist: 0.
Ending Physical Synthesis Task | Checksum: 17cb08de0

Time (s): cpu = 00:00:00.07 ; elapsed = 00:00:00.01 . Memory (MB): peak = 3094.016 ; gain = 0.000 ; free physical = 58922 ; free virtual = 65402
Phase 4.1.1.1 BUFG Insertion | Checksum: faec637d

Time (s): cpu = 00:00:03 ; elapsed = 00:00:01 . Memory (MB): peak = 3094.016 ; gain = 8.004 ; free physical = 58922 ; free virtual = 65402
INFO: [Place 30-746] Post Placement Timing Summary WNS=0.843. For the most accurate timing information please run report_timing.

Time (s): cpu = 00:00:03 ; elapsed = 00:00:01 . Memory (MB): peak = 3094.016 ; gain = 8.004 ; free physical = 58922 ; free virtual = 65402
Phase 4.1 Post Commit Optimization | Checksum: 1b04e3f58

Time (s): cpu = 00:00:03 ; elapsed = 00:00:01 . Memory (MB): peak = 3094.016 ; gain = 8.004 ; free physical = 58922 ; free virtual = 65402

Phase 4.2 Post Placement Cleanup
Phase 4.2 Post Placement Cleanup | Checksum: 1b04e3f58

Time (s): cpu = 00:00:03 ; elapsed = 00:00:01 . Memory (MB): peak = 3094.016 ; gain = 8.004 ; free physical = 58923 ; free virtual = 65403

Phase 4.3 Placer Reporting

Phase 4.3.1 Print Estimated Congestion
INFO: [Place 30-612] Post-Placement Estimated Congestion 
 ____________________________________________________
|           | Global Congestion | Short Congestion  |
| Direction | Region Size       | Region Size       |
|___________|___________________|___________________|
|      North|                1x1|                1x1|
|___________|___________________|___________________|
|      South|                1x1|                1x1|
|___________|___________________|___________________|
|       East|                1x1|                1x1|
|___________|___________________|___________________|
|       West|                1x1|                1x1|
|___________|___________________|___________________|

Phase 4.3.1 Print Estimated Congestion | Checksum: 1b04e3f58

Time (s): cpu = 00:00:03 ; elapsed = 00:00:01 . Memory (MB): peak = 3094.016 ; gain = 8.004 ; free physical = 58923 ; free virtual = 65403
Phase 4.3 Placer Reporting | Checksum: 1b04e3f58

Time (s): cpu = 00:00:03 ; elapsed = 00:00:01 . Memory (MB): peak = 3094.016 ; gain = 8.004 ; free physical = 58923 ; free virtual = 65403

Phase 4.4 Final Placement Cleanup
Netlist sorting complete. Time (s): cpu = 00:00:00 ; elapsed = 00:00:00 . Memory (MB): peak = 3094.016 ; gain = 0.000 ; free physical = 58923 ; free virtual = 65403

Time (s): cpu = 00:00:03 ; elapsed = 00:00:01 . Memory (MB): peak = 3094.016 ; gain = 8.004 ; free physical = 58923 ; free virtual = 65403
Phase 4 Post Placement Optimization and Clean-Up | Checksum: 24da52f0d

Time (s): cpu = 00:00:03 ; elapsed = 00:00:01 . Memory (MB): peak = 3094.016 ; gain = 8.004 ; free physical = 58923 ; free virtual = 65403
Ending Placer Task | Checksum: 1882bfd7a

Time (s): cpu = 00:00:03 ; elapsed = 00:00:01 . Memory (MB): peak = 3094.016 ; gain = 8.004 ; free physical = 58923 ; free virtual = 65403
INFO: [Common 17-83] Releasing license: Implementation
29 Infos, 0 Warnings, 0 Critical Warnings and 0 Errors encountered.
place_design completed successfully
INFO: [Common 17-600] The following parameters have non-default value.
general.maxThreads
# write_checkpoint -force ${TOP}_placed.dcp
INFO: [Timing 38-480] Writing timing data to binary archive.
Writing placer database...
Writing XDEF routing.
Writing XDEF routing logical nets.
Writing XDEF routing special nets.
Write XDEF Complete: Time (s): cpu = 00:00:00.14 ; elapsed = 00:00:00.06 . Memory (MB): peak = 3094.016 ; gain = 0.000 ; free physical = 58935 ; free virtual = 65418
INFO: [Common 17-1381] The checkpoint '/home/cc/eecs151/fa23/class/eecs151-aer/fpga-labs-fa23-shridhay/lab4/build/impl/z1top_placed.dcp' has been generated.
# report_utilization -file post_place_utilization.rpt
# phys_opt_design
Command: phys_opt_design
Attempting to get a license for feature 'Implementation' and/or device 'xc7z020'
INFO: [Common 17-349] Got license for feature 'Implementation' and/or device 'xc7z020'
INFO: [Vivado_Tcl 4-383] Design worst setup slack (WNS) is greater than or equal to 0.000 ns. Skipping all physical synthesis optimizations.
INFO: [Vivado_Tcl 4-232] No setup violation found. The netlist was not modified.
INFO: [Common 17-83] Releasing license: Implementation
4 Infos, 0 Warnings, 0 Critical Warnings and 0 Errors encountered.
phys_opt_design completed successfully
INFO: [Common 17-600] The following parameters have non-default value.
general.maxThreads
# route_design
Command: route_design
Attempting to get a license for feature 'Implementation' and/or device 'xc7z020'
INFO: [Common 17-349] Got license for feature 'Implementation' and/or device 'xc7z020'
Running DRC as a precondition to command route_design
INFO: [DRC 23-27] Running DRC with 4 threads
INFO: [Vivado_Tcl 4-198] DRC finished with 0 Errors
INFO: [Vivado_Tcl 4-199] Please refer to the DRC report (report_drc) for more information.


Starting Routing Task
INFO: [Route 35-254] Multithreading enabled for route_design using a maximum of 4 CPUs
Checksum: PlaceDB: da839fdb ConstDB: 0 ShapeSum: ada85d9f RouteDB: 0

Phase 1 Build RT Design
Phase 1 Build RT Design | Checksum: 4c670a4e

Time (s): cpu = 00:00:09 ; elapsed = 00:00:07 . Memory (MB): peak = 3112.684 ; gain = 18.668 ; free physical = 58772 ; free virtual = 65251
Post Restoration Checksum: NetGraph: 2aa2ce54 NumContArr: 21c43bfa Constraints: 0 Timing: 0

Phase 2 Router Initialization

Phase 2.1 Create Timer
Phase 2.1 Create Timer | Checksum: 4c670a4e

Time (s): cpu = 00:00:09 ; elapsed = 00:00:07 . Memory (MB): peak = 3112.684 ; gain = 18.668 ; free physical = 58772 ; free virtual = 65251

Phase 2.2 Fix Topology Constraints
Phase 2.2 Fix Topology Constraints | Checksum: 4c670a4e

Time (s): cpu = 00:00:09 ; elapsed = 00:00:07 . Memory (MB): peak = 3120.680 ; gain = 26.664 ; free physical = 58750 ; free virtual = 65231

Phase 2.3 Pre Route Cleanup
Phase 2.3 Pre Route Cleanup | Checksum: 4c670a4e

Time (s): cpu = 00:00:09 ; elapsed = 00:00:07 . Memory (MB): peak = 3120.680 ; gain = 26.664 ; free physical = 58750 ; free virtual = 65231
 Number of Nodes with overlaps = 0

Phase 2.4 Update Timing
Phase 2.4 Update Timing | Checksum: 20920f303

Time (s): cpu = 00:00:09 ; elapsed = 00:00:07 . Memory (MB): peak = 3135.562 ; gain = 41.547 ; free physical = 58742 ; free virtual = 65224
INFO: [Route 35-416] Intermediate Timing Summary | WNS=1.308  | TNS=0.000  | WHS=-0.143 | THS=-4.753 |

Phase 2 Router Initialization | Checksum: 15baff24f

Time (s): cpu = 00:00:09 ; elapsed = 00:00:07 . Memory (MB): peak = 3135.562 ; gain = 41.547 ; free physical = 58742 ; free virtual = 65224

Router Utilization Summary
  Global Vertical Routing Utilization    = 0.000155328 %
  Global Horizontal Routing Utilization  = 0.000591616 %
  Routable Net Status*
  *Does not include unroutable nets such as driverless and loadless.
  Run report_route_status for detailed report.
  Number of Failed Nets               = 593
    (Failed Nets is the sum of unrouted and partially routed nets)
  Number of Unrouted Nets             = 583
  Number of Partially Routed Nets     = 10
  Number of Node Overlaps             = 6


Phase 3 Initial Routing

Phase 3.1 Global Routing
Phase 3.1 Global Routing | Checksum: 15baff24f

Time (s): cpu = 00:00:09 ; elapsed = 00:00:08 . Memory (MB): peak = 3138.039 ; gain = 44.023 ; free physical = 58739 ; free virtual = 65221
Phase 3 Initial Routing | Checksum: 1f7a81c25

Time (s): cpu = 00:00:09 ; elapsed = 00:00:08 . Memory (MB): peak = 3138.039 ; gain = 44.023 ; free physical = 58742 ; free virtual = 65224

Phase 4 Rip-up And Reroute

Phase 4.1 Global Iteration 0
 Number of Nodes with overlaps = 29
 Number of Nodes with overlaps = 4
 Number of Nodes with overlaps = 1
 Number of Nodes with overlaps = 1
 Number of Nodes with overlaps = 1
 Number of Nodes with overlaps = 0
INFO: [Route 35-416] Intermediate Timing Summary | WNS=0.823  | TNS=0.000  | WHS=N/A    | THS=N/A    |

Phase 4.1 Global Iteration 0 | Checksum: 1cf4455bd

Time (s): cpu = 00:00:09 ; elapsed = 00:00:08 . Memory (MB): peak = 3138.039 ; gain = 44.023 ; free physical = 58742 ; free virtual = 65224
Phase 4 Rip-up And Reroute | Checksum: 1cf4455bd

Time (s): cpu = 00:00:09 ; elapsed = 00:00:08 . Memory (MB): peak = 3138.039 ; gain = 44.023 ; free physical = 58742 ; free virtual = 65224

Phase 5 Delay and Skew Optimization

Phase 5.1 Delay CleanUp

Phase 5.1.1 Update Timing
Phase 5.1.1 Update Timing | Checksum: 17f123ffd

Time (s): cpu = 00:00:10 ; elapsed = 00:00:08 . Memory (MB): peak = 3138.039 ; gain = 44.023 ; free physical = 58742 ; free virtual = 65224
INFO: [Route 35-416] Intermediate Timing Summary | WNS=0.949  | TNS=0.000  | WHS=N/A    | THS=N/A    |

Phase 5.1 Delay CleanUp | Checksum: 17f123ffd

Time (s): cpu = 00:00:10 ; elapsed = 00:00:08 . Memory (MB): peak = 3138.039 ; gain = 44.023 ; free physical = 58742 ; free virtual = 65224

Phase 5.2 Clock Skew Optimization
Phase 5.2 Clock Skew Optimization | Checksum: 17f123ffd

Time (s): cpu = 00:00:10 ; elapsed = 00:00:08 . Memory (MB): peak = 3138.039 ; gain = 44.023 ; free physical = 58742 ; free virtual = 65224
Phase 5 Delay and Skew Optimization | Checksum: 17f123ffd

Time (s): cpu = 00:00:10 ; elapsed = 00:00:08 . Memory (MB): peak = 3138.039 ; gain = 44.023 ; free physical = 58742 ; free virtual = 65224

Phase 6 Post Hold Fix

Phase 6.1 Hold Fix Iter

Phase 6.1.1 Update Timing
Phase 6.1.1 Update Timing | Checksum: 1e1d02288

Time (s): cpu = 00:00:10 ; elapsed = 00:00:08 . Memory (MB): peak = 3138.039 ; gain = 44.023 ; free physical = 58742 ; free virtual = 65224
INFO: [Route 35-416] Intermediate Timing Summary | WNS=0.949  | TNS=0.000  | WHS=0.104  | THS=0.000  |

Phase 6.1 Hold Fix Iter | Checksum: 17fc208e7

Time (s): cpu = 00:00:10 ; elapsed = 00:00:08 . Memory (MB): peak = 3138.039 ; gain = 44.023 ; free physical = 58742 ; free virtual = 65224
Phase 6 Post Hold Fix | Checksum: 17fc208e7

Time (s): cpu = 00:00:10 ; elapsed = 00:00:08 . Memory (MB): peak = 3138.039 ; gain = 44.023 ; free physical = 58742 ; free virtual = 65224

Phase 7 Route finalize

Router Utilization Summary
  Global Vertical Routing Utilization    = 0.0880708 %
  Global Horizontal Routing Utilization  = 0.0932218 %
  Routable Net Status*
  *Does not include unroutable nets such as driverless and loadless.
  Run report_route_status for detailed report.
  Number of Failed Nets               = 0
    (Failed Nets is the sum of unrouted and partially routed nets)
  Number of Unrouted Nets             = 0
  Number of Partially Routed Nets     = 0
  Number of Node Overlaps             = 0

Phase 7 Route finalize | Checksum: 1d7dc7a09

Time (s): cpu = 00:00:10 ; elapsed = 00:00:08 . Memory (MB): peak = 3138.039 ; gain = 44.023 ; free physical = 58742 ; free virtual = 65224

Phase 8 Verifying routed nets

 Verification completed successfully
Phase 8 Verifying routed nets | Checksum: 1d7dc7a09

Time (s): cpu = 00:00:10 ; elapsed = 00:00:08 . Memory (MB): peak = 3138.039 ; gain = 44.023 ; free physical = 58741 ; free virtual = 65223

Phase 9 Depositing Routes
Phase 9 Depositing Routes | Checksum: 26ac599a7

Time (s): cpu = 00:00:10 ; elapsed = 00:00:08 . Memory (MB): peak = 3138.039 ; gain = 44.023 ; free physical = 58741 ; free virtual = 65223

Phase 10 Post Router Timing
INFO: [Route 35-57] Estimated Timing Summary | WNS=0.949  | TNS=0.000  | WHS=0.104  | THS=0.000  |

INFO: [Route 35-327] The final timing numbers are based on the router estimated timing analysis. For a complete and accurate timing signoff, please run report_timing_summary.
Phase 10 Post Router Timing | Checksum: 26ac599a7

Time (s): cpu = 00:00:10 ; elapsed = 00:00:08 . Memory (MB): peak = 3138.039 ; gain = 44.023 ; free physical = 58741 ; free virtual = 65223
INFO: [Route 35-16] Router Completed Successfully

Time (s): cpu = 00:00:10 ; elapsed = 00:00:08 . Memory (MB): peak = 3138.039 ; gain = 44.023 ; free physical = 58762 ; free virtual = 65244

Routing Is Done.
INFO: [Common 17-83] Releasing license: Implementation
13 Infos, 0 Warnings, 0 Critical Warnings and 0 Errors encountered.
route_design completed successfully
route_design: Time (s): cpu = 00:00:11 ; elapsed = 00:00:08 . Memory (MB): peak = 3138.039 ; gain = 44.023 ; free physical = 58762 ; free virtual = 65244
INFO: [Common 17-600] The following parameters have non-default value.
general.maxThreads
# write_checkpoint -force ${TOP}_routed.dcp
INFO: [Timing 38-480] Writing timing data to binary archive.
Writing placer database...
Writing XDEF routing.
Writing XDEF routing logical nets.
Writing XDEF routing special nets.
Write XDEF Complete: Time (s): cpu = 00:00:00.12 ; elapsed = 00:00:00.06 . Memory (MB): peak = 3151.980 ; gain = 5.938 ; free physical = 58753 ; free virtual = 65238
INFO: [Common 17-1381] The checkpoint '/home/cc/eecs151/fa23/class/eecs151-aer/fpga-labs-fa23-shridhay/lab4/build/impl/z1top_routed.dcp' has been generated.
# write_verilog -force post_route.v
# write_xdc -force post_route.xdc
# report_drc -file post_route_drc.rpt
Command: report_drc -file post_route_drc.rpt
INFO: [IP_Flow 19-234] Refreshing IP repositories
INFO: [IP_Flow 19-1704] No user IP repositories specified
INFO: [IP_Flow 19-2313] Loaded Vivado IP repository '/share/instsww/xilinx/Vivado/current/data/ip'.
INFO: [DRC 23-27] Running DRC with 4 threads
INFO: [Coretcl 2-168] The results of DRC are in file /home/cc/eecs151/fa23/class/eecs151-aer/fpga-labs-fa23-shridhay/lab4/build/impl/post_route_drc.rpt.
report_drc completed successfully
# report_timing_summary -warn_on_violation -file post_route_timing_summary.rpt
INFO: [Timing 38-91] UpdateTimingParams: Speed grade: -1, Delay Type: min_max.
INFO: [Timing 38-191] Multithreading enabled for timing update using a maximum of 4 CPUs
# write_bitstream -force ${TOP}.bit
Command: write_bitstream -force z1top.bit
Attempting to get a license for feature 'Implementation' and/or device 'xc7z020'
INFO: [Common 17-349] Got license for feature 'Implementation' and/or device 'xc7z020'
Running DRC as a precondition to command write_bitstream
INFO: [IP_Flow 19-1839] IP Catalog is up to date.
INFO: [DRC 23-27] Running DRC with 4 threads
WARNING: [DRC ZPS7-1] PS7 block required: The PS7 cell must be used in this Zynq design in order to enable correct default configuration.
INFO: [Vivado 12-3199] DRC finished with 0 Errors, 1 Warnings
INFO: [Vivado 12-3200] Please refer to the DRC report (report_drc) for more information.
INFO: [Designutils 20-2272] Running write_bitstream with 4 threads.
Loading data files...
Loading site data...
Loading route data...
Processing options...
Creating bitmap...
Creating bitstream...
Writing bitstream ./z1top.bit...
INFO: [Vivado 12-1842] Bitgen Completed Successfully.
INFO: [Common 17-83] Releasing license: Implementation
8 Infos, 1 Warnings, 0 Critical Warnings and 0 Errors encountered.
write_bitstream completed successfully
write_bitstream: Time (s): cpu = 00:00:06 ; elapsed = 00:00:16 . Memory (MB): peak = 3522.195 ; gain = 304.645 ; free physical = 58688 ; free virtual = 65180
INFO: [Common 17-206] Exiting Vivado at Tue Oct 24 14:21:28 2023...
