Copyright 1986-2020 Xilinx, Inc. All Rights Reserved.
-------------------------------------------------------------------------------------------------------
| Tool Version : Vivado v.2020.2 (lin64) Build 3064766 Wed Nov 18 09:12:47 MST 2020
| Date         : Tue Sep 19 19:58:05 2023
| Host         : c111-18.EECS.Berkeley.EDU running 64-bit Red Hat Enterprise Linux release 8.8 (Ootpa)
| Command      : report_timing_summary -warn_on_violation -file post_route_timing_summary.rpt
| Design       : z1top
| Device       : 7z020-clg400
| Speed File   : -1  PRODUCTION 1.12 2019-11-22
-------------------------------------------------------------------------------------------------------

Timing Summary Report

------------------------------------------------------------------------------------------------
| Timer Settings
| --------------
------------------------------------------------------------------------------------------------

  Enable Multi Corner Analysis               :  Yes
  Enable Pessimism Removal                   :  Yes
  Pessimism Removal Resolution               :  Nearest Common Node
  Enable Input Delay Default Clock           :  No
  Enable Preset / Clear Arcs                 :  No
  Disable Flight Delays                      :  No
  Ignore I/O Paths                           :  No
  Timing Early Launch at Borrowing Latches   :  No
  Borrow Time for Max Delay Exceptions       :  Yes
  Merge Timing Exceptions                    :  Yes

  Corner  Analyze    Analyze    
  Name    Max Paths  Min Paths  
  ------  ---------  ---------  
  Slow    Yes        Yes        
  Fast    Yes        Yes        



check_timing report

Table of Contents
-----------------
1. checking no_clock (0)
2. checking constant_clock (0)
3. checking pulse_width_clock (0)
4. checking unconstrained_internal_endpoints (0)
5. checking no_input_delay (0)
6. checking no_output_delay (2)
7. checking multiple_clock (0)
8. checking generated_clocks (0)
9. checking loops (0)
10. checking partial_input_delay (0)
11. checking partial_output_delay (0)
12. checking latch_loops (0)

1. checking no_clock (0)
------------------------
 There are 0 register/latch pins with no clock.


2. checking constant_clock (0)
------------------------------
 There are 0 register/latch pins with constant_clock.


3. checking pulse_width_clock (0)
---------------------------------
 There are 0 register/latch pins which need pulse_width check


4. checking unconstrained_internal_endpoints (0)
------------------------------------------------
 There are 0 pins that are not constrained for maximum delay.

 There are 0 pins that are not constrained for maximum delay due to constant clock.


5. checking no_input_delay (0)
------------------------------
 There are 0 input ports with no input delay specified.

 There are 0 input ports with no input delay but user has a false path constraint.


6. checking no_output_delay (2)
-------------------------------
 There are 2 ports with no output delay specified. (HIGH)

 There are 0 ports with no output delay but user has a false path constraint

 There are 0 ports with no output delay but with a timing clock defined on it or propagating through it


7. checking multiple_clock (0)
------------------------------
 There are 0 register/latch pins with multiple clocks.


8. checking generated_clocks (0)
--------------------------------
 There are 0 generated clocks that are not connected to a clock source.


9. checking loops (0)
---------------------
 There are 0 combinational loops in the design.


10. checking partial_input_delay (0)
------------------------------------
 There are 0 input ports with partial input delay specified.


11. checking partial_output_delay (0)
-------------------------------------
 There are 0 ports with partial output delay specified.


12. checking latch_loops (0)
----------------------------
 There are 0 combinational latch loops in the design through latch input



------------------------------------------------------------------------------------------------
| Design Timing Summary
| ---------------------
------------------------------------------------------------------------------------------------

    WNS(ns)      TNS(ns)  TNS Failing Endpoints  TNS Total Endpoints      WHS(ns)      THS(ns)  THS Failing Endpoints  THS Total Endpoints     WPWS(ns)     TPWS(ns)  TPWS Failing Endpoints  TPWS Total Endpoints  
    -------      -------  ---------------------  -------------------      -------      -------  ---------------------  -------------------     --------     --------  ----------------------  --------------------  
      1.046        0.000                      0                   29        0.092        0.000                      0                   29        3.500        0.000                       0                    30  


All user specified timing constraints are met.


------------------------------------------------------------------------------------------------
| Clock Summary
| -------------
------------------------------------------------------------------------------------------------

Clock            Waveform(ns)         Period(ns)      Frequency(MHz)
-----            ------------         ----------      --------------
clk_125mhz_fpga  {0.000 4.000}        8.000           125.000         


------------------------------------------------------------------------------------------------
| Intra Clock Table
| -----------------
------------------------------------------------------------------------------------------------

Clock                WNS(ns)      TNS(ns)  TNS Failing Endpoints  TNS Total Endpoints      WHS(ns)      THS(ns)  THS Failing Endpoints  THS Total Endpoints     WPWS(ns)     TPWS(ns)  TPWS Failing Endpoints  TPWS Total Endpoints  
-----                -------      -------  ---------------------  -------------------      -------      -------  ---------------------  -------------------     --------     --------  ----------------------  --------------------  
clk_125mhz_fpga        1.046        0.000                      0                   29        0.092        0.000                      0                   29        3.500        0.000                       0                    30  


------------------------------------------------------------------------------------------------
| Inter Clock Table
| -----------------
------------------------------------------------------------------------------------------------

From Clock    To Clock          WNS(ns)      TNS(ns)  TNS Failing Endpoints  TNS Total Endpoints      WHS(ns)      THS(ns)  THS Failing Endpoints  THS Total Endpoints  
----------    --------          -------      -------  ---------------------  -------------------      -------      -------  ---------------------  -------------------  


------------------------------------------------------------------------------------------------
| Other Path Groups Table
| -----------------------
------------------------------------------------------------------------------------------------

Path Group    From Clock    To Clock          WNS(ns)      TNS(ns)  TNS Failing Endpoints  TNS Total Endpoints      WHS(ns)      THS(ns)  THS Failing Endpoints  THS Total Endpoints  
----------    ----------    --------          -------      -------  ---------------------  -------------------      -------      -------  ---------------------  -------------------  


------------------------------------------------------------------------------------------------
| Timing Details
| --------------
------------------------------------------------------------------------------------------------


---------------------------------------------------------------------------------------------------
From Clock:  clk_125mhz_fpga
  To Clock:  clk_125mhz_fpga

Setup :            0  Failing Endpoints,  Worst Slack        1.046ns,  Total Violation        0.000ns
Hold  :            0  Failing Endpoints,  Worst Slack        0.092ns,  Total Violation        0.000ns
PW    :            0  Failing Endpoints,  Worst Slack        3.500ns,  Total Violation        0.000ns
---------------------------------------------------------------------------------------------------


Max Delay Paths
--------------------------------------------------------------------------------------
Slack (MET) :             1.046ns  (required time - arrival time)
  Source:                 tester/operands_reg[2]/C
                            (rising edge-triggered cell FDRE clocked by clk_125mhz_fpga  {rise@0.000ns fall@4.000ns period=8.000ns})
  Destination:            tester/error_reg/D
                            (rising edge-triggered cell FDRE clocked by clk_125mhz_fpga  {rise@0.000ns fall@4.000ns period=8.000ns})
  Path Group:             clk_125mhz_fpga
  Path Type:              Setup (Max at Slow Process Corner)
  Requirement:            8.000ns  (clk_125mhz_fpga rise@8.000ns - clk_125mhz_fpga rise@0.000ns)
  Data Path Delay:        6.860ns  (logic 2.400ns (34.987%)  route 4.460ns (65.012%))
  Logic Levels:           9  (CARRY4=2 LUT2=1 LUT5=2 LUT6=4)
  Clock Path Skew:        0.008ns (DCD - SCD + CPR)
    Destination Clock Delay (DCD):    5.625ns = ( 13.625 - 8.000 ) 
    Source Clock Delay      (SCD):    5.940ns
    Clock Pessimism Removal (CPR):    0.323ns
  Clock Uncertainty:      0.035ns  ((TSJ^2 + TIJ^2)^1/2 + DJ) / 2 + PE
    Total System Jitter     (TSJ):    0.071ns
    Total Input Jitter      (TIJ):    0.000ns
    Discrete Jitter          (DJ):    0.000ns
    Phase Error              (PE):    0.000ns

    Location             Delay type                Incr(ns)  Path(ns)    Netlist Resource(s)
  -------------------------------------------------------------------    -------------------
                         (clock clk_125mhz_fpga rise edge)
                                                      0.000     0.000 r  
    H16                                               0.000     0.000 r  CLK_125MHZ_FPGA (IN)
                         net (fo=0)                   0.000     0.000    CLK_125MHZ_FPGA
    H16                  IBUF (Prop_ibuf_I_O)         1.451     1.451 r  CLK_125MHZ_FPGA_IBUF_inst/O
                         net (fo=1, routed)           2.522     3.973    CLK_125MHZ_FPGA_IBUF
    BUFGCTRL_X0Y16       BUFG (Prop_bufg_I_O)         0.101     4.074 r  CLK_125MHZ_FPGA_IBUF_BUFG_inst/O
                         net (fo=29, routed)          1.866     5.940    tester/CLK_125MHZ_FPGA_IBUF_BUFG
    SLICE_X110Y99        FDRE                                         r  tester/operands_reg[2]/C
  -------------------------------------------------------------------    -------------------
    SLICE_X110Y99        FDRE (Prop_fdre_C_Q)         0.456     6.396 r  tester/operands_reg[2]/Q
                         net (fo=5, routed)           1.113     7.509    tester/adder_operand1[2]
    SLICE_X112Y102       LUT6 (Prop_lut6_I1_O)        0.124     7.633 r  tester/error0_carry_i_11/O
                         net (fo=4, routed)           0.617     8.250    tester/structural_test_adder/carry_bit_2
    SLICE_X113Y103       LUT6 (Prop_lut6_I0_O)        0.124     8.374 r  tester/error0_carry_i_38/O
                         net (fo=1, routed)           0.263     8.637    tester/cin_and__3
    SLICE_X113Y103       LUT6 (Prop_lut6_I5_O)        0.124     8.761 r  tester/error0_carry_i_36/O
                         net (fo=2, routed)           0.414     9.175    tester/structural_test_adder/carry_bit_7
    SLICE_X113Y104       LUT5 (Prop_lut5_I4_O)        0.119     9.294 r  tester/error0_carry_i_20/O
                         net (fo=1, routed)           0.530     9.823    tester/structural_test_adder/carry_bit_9
    SLICE_X112Y104       LUT6 (Prop_lut6_I1_O)        0.332    10.155 r  tester/error0_carry_i_7/O
                         net (fo=1, routed)           0.579    10.735    tester/error0_carry_i_7_n_0
    SLICE_X108Y103       LUT5 (Prop_lut5_I4_O)        0.124    10.859 r  tester/error0_carry_i_1/O
                         net (fo=1, routed)           0.000    10.859    tester/error0_carry_i_1_n_0
    SLICE_X108Y103       CARRY4 (Prop_carry4_S[3]_CO[3])
                                                      0.376    11.235 r  tester/error0_carry/CO[3]
                         net (fo=1, routed)           0.000    11.235    tester/error0_carry_n_0
    SLICE_X108Y104       CARRY4 (Prop_carry4_CI_CO[0])
                                                      0.254    11.489 r  tester/error0_carry__0/CO[0]
                         net (fo=1, routed)           0.565    12.053    tester/p_0_in
    SLICE_X113Y103       LUT2 (Prop_lut2_I1_O)        0.367    12.420 r  tester/error_i_1/O
                         net (fo=1, routed)           0.379    12.799    tester/error_i_1_n_0
    SLICE_X113Y103       FDRE                                         r  tester/error_reg/D
  -------------------------------------------------------------------    -------------------

                         (clock clk_125mhz_fpga rise edge)
                                                      8.000     8.000 r  
    H16                                               0.000     8.000 r  CLK_125MHZ_FPGA (IN)
                         net (fo=0)                   0.000     8.000    CLK_125MHZ_FPGA
    H16                  IBUF (Prop_ibuf_I_O)         1.380     9.380 r  CLK_125MHZ_FPGA_IBUF_inst/O
                         net (fo=1, routed)           2.293    11.673    CLK_125MHZ_FPGA_IBUF
    BUFGCTRL_X0Y16       BUFG (Prop_bufg_I_O)         0.091    11.764 r  CLK_125MHZ_FPGA_IBUF_BUFG_inst/O
                         net (fo=29, routed)          1.860    13.625    tester/CLK_125MHZ_FPGA_IBUF_BUFG
    SLICE_X113Y103       FDRE                                         r  tester/error_reg/C
                         clock pessimism              0.323    13.948    
                         clock uncertainty           -0.035    13.912    
    SLICE_X113Y103       FDRE (Setup_fdre_C_D)       -0.067    13.845    tester/error_reg
  -------------------------------------------------------------------
                         required time                         13.845    
                         arrival time                         -12.799    
  -------------------------------------------------------------------
                         slack                                  1.046    





Min Delay Paths
--------------------------------------------------------------------------------------
Slack (MET) :             0.092ns  (arrival time - required time)
  Source:                 tester/operands_reg[3]/C
                            (rising edge-triggered cell FDRE clocked by clk_125mhz_fpga  {rise@0.000ns fall@4.000ns period=8.000ns})
  Destination:            tester/operands_reg[4]/D
                            (rising edge-triggered cell FDRE clocked by clk_125mhz_fpga  {rise@0.000ns fall@4.000ns period=8.000ns})
  Path Group:             clk_125mhz_fpga
  Path Type:              Hold (Min at Fast Process Corner)
  Requirement:            0.000ns  (clk_125mhz_fpga rise@0.000ns - clk_125mhz_fpga rise@0.000ns)
  Data Path Delay:        0.551ns  (logic 0.355ns (64.458%)  route 0.196ns (35.542%))
  Logic Levels:           2  (CARRY4=2)
  Clock Path Skew:        0.353ns (DCD - SCD - CPR)
    Destination Clock Delay (DCD):    2.337ns
    Source Clock Delay      (SCD):    1.723ns
    Clock Pessimism Removal (CPR):    0.261ns

    Location             Delay type                Incr(ns)  Path(ns)    Netlist Resource(s)
  -------------------------------------------------------------------    -------------------
                         (clock clk_125mhz_fpga rise edge)
                                                      0.000     0.000 r  
    H16                                               0.000     0.000 r  CLK_125MHZ_FPGA (IN)
                         net (fo=0)                   0.000     0.000    CLK_125MHZ_FPGA
    H16                  IBUF (Prop_ibuf_I_O)         0.219     0.219 r  CLK_125MHZ_FPGA_IBUF_inst/O
                         net (fo=1, routed)           0.842     1.060    CLK_125MHZ_FPGA_IBUF
    BUFGCTRL_X0Y16       BUFG (Prop_bufg_I_O)         0.026     1.086 r  CLK_125MHZ_FPGA_IBUF_BUFG_inst/O
                         net (fo=29, routed)          0.637     1.723    tester/CLK_125MHZ_FPGA_IBUF_BUFG
    SLICE_X110Y99        FDRE                                         r  tester/operands_reg[3]/C
  -------------------------------------------------------------------    -------------------
    SLICE_X110Y99        FDRE (Prop_fdre_C_Q)         0.141     1.864 r  tester/operands_reg[3]/Q
                         net (fo=7, routed)           0.195     2.059    tester/adder_operand1[3]
    SLICE_X110Y99        CARRY4 (Prop_carry4_S[3]_CO[3])
                                                      0.160     2.219 r  tester/operands_reg[0]_i_1/CO[3]
                         net (fo=1, routed)           0.001     2.220    tester/operands_reg[0]_i_1_n_0
    SLICE_X110Y100       CARRY4 (Prop_carry4_CI_O[0])
                                                      0.054     2.274 r  tester/operands_reg[4]_i_1/O[0]
                         net (fo=1, routed)           0.000     2.274    tester/operands_reg[4]_i_1_n_7
    SLICE_X110Y100       FDRE                                         r  tester/operands_reg[4]/D
  -------------------------------------------------------------------    -------------------

                         (clock clk_125mhz_fpga rise edge)
                                                      0.000     0.000 r  
    H16                                               0.000     0.000 r  CLK_125MHZ_FPGA (IN)
                         net (fo=0)                   0.000     0.000    CLK_125MHZ_FPGA
    H16                  IBUF (Prop_ibuf_I_O)         0.406     0.406 r  CLK_125MHZ_FPGA_IBUF_inst/O
                         net (fo=1, routed)           0.907     1.313    CLK_125MHZ_FPGA_IBUF
    BUFGCTRL_X0Y16       BUFG (Prop_bufg_I_O)         0.029     1.342 r  CLK_125MHZ_FPGA_IBUF_BUFG_inst/O
                         net (fo=29, routed)          0.995     2.337    tester/CLK_125MHZ_FPGA_IBUF_BUFG
    SLICE_X110Y100       FDRE                                         r  tester/operands_reg[4]/C
                         clock pessimism             -0.261     2.076    
    SLICE_X110Y100       FDRE (Hold_fdre_C_D)         0.105     2.181    tester/operands_reg[4]
  -------------------------------------------------------------------
                         required time                         -2.181    
                         arrival time                           2.274    
  -------------------------------------------------------------------
                         slack                                  0.092    





Pulse Width Checks
--------------------------------------------------------------------------------------
Clock Name:         clk_125mhz_fpga
Waveform(ns):       { 0.000 4.000 }
Period(ns):         8.000
Sources:            { CLK_125MHZ_FPGA }

Check Type        Corner  Lib Pin  Reference Pin  Required(ns)  Actual(ns)  Slack(ns)  Location        Pin
Min Period        n/a     BUFG/I   n/a            2.155         8.000       5.845      BUFGCTRL_X0Y16  CLK_125MHZ_FPGA_IBUF_BUFG_inst/I
Low Pulse Width   Slow    FDRE/C   n/a            0.500         4.000       3.500      SLICE_X110Y99   tester/operands_reg[0]/C
High Pulse Width  Slow    FDRE/C   n/a            0.500         4.000       3.500      SLICE_X113Y103  tester/error_reg/C



