WARNING: Default location for XILINX_HLS not found

****** Vivado v2020.2 (64-bit)
  **** SW Build 3064766 on Wed Nov 18 09:12:47 MST 2020
  **** IP Build 3064653 on Wed Nov 18 14:17:31 MST 2020
    ** Copyright 1986-2020 Xilinx, Inc. All Rights Reserved.

source /home/cc/eecs151/fa23/class/eecs151-aer/fpga-labs-fa23-shridhay/lab1/../scripts/impl.tcl
# source ../target.tcl
## set ABS_TOP                         /home/cc/eecs151/fa23/class/eecs151-aer/fpga-labs-fa23-shridhay/lab1
## set TOP                            z1top
## set FPGA_PART                      xc7z020clg400-1
## set_param general.maxThreads       4
## set_param general.maxBackupLogs    0
## set RTL { /home/cc/eecs151/fa23/class/eecs151-aer/fpga-labs-fa23-shridhay/lab1/src/z1top.v }
## set CONSTRAINTS { /home/cc/eecs151/fa23/class/eecs151-aer/fpga-labs-fa23-shridhay/lab1/src/z1top.xdc }
# open_checkpoint ${ABS_TOP}/build/synth/${TOP}.dcp
Command: open_checkpoint /home/cc/eecs151/fa23/class/eecs151-aer/fpga-labs-fa23-shridhay/lab1/build/synth/z1top.dcp

Starting open_checkpoint Task

Time (s): cpu = 00:00:00.05 ; elapsed = 00:00:00.09 . Memory (MB): peak = 2531.520 ; gain = 0.000 ; free physical = 10815 ; free virtual = 18498
INFO: [Device 21-403] Loading part xc7z020clg400-1
Netlist sorting complete. Time (s): cpu = 00:00:00 ; elapsed = 00:00:00 . Memory (MB): peak = 2537.719 ; gain = 0.000 ; free physical = 10478 ; free virtual = 18160
INFO: [Project 1-479] Netlist was created with Vivado 2020.2
INFO: [Project 1-570] Preparing netlist for logic optimization
INFO: [Timing 38-478] Restoring timing data from binary archive.
INFO: [Timing 38-479] Binary timing data restore complete.
INFO: [Project 1-856] Restoring constraints from binary archive.
INFO: [Project 1-853] Binary constraint restore complete.
Reading XDEF placement.
Reading placer database...
Reading XDEF routing.
Read XDEF File: Time (s): cpu = 00:00:00.11 ; elapsed = 00:00:00.16 . Memory (MB): peak = 2589.656 ; gain = 0.000 ; free physical = 9981 ; free virtual = 17665
Restored from archive | CPU: 0.160000 secs | Memory: 1.149872 MB |
Finished XDEF File Restore: Time (s): cpu = 00:00:00.11 ; elapsed = 00:00:00.16 . Memory (MB): peak = 2589.656 ; gain = 0.000 ; free physical = 9981 ; free virtual = 17665
Netlist sorting complete. Time (s): cpu = 00:00:00 ; elapsed = 00:00:00 . Memory (MB): peak = 2589.656 ; gain = 0.000 ; free physical = 9981 ; free virtual = 17664
INFO: [Project 1-111] Unisim Transformation Summary:
No Unisim elements were transformed.

INFO: [Project 1-604] Checkpoint was created with Vivado v2020.2 (64-bit) build 3064766
open_checkpoint: Time (s): cpu = 00:00:14 ; elapsed = 00:00:21 . Memory (MB): peak = 2589.656 ; gain = 58.137 ; free physical = 9980 ; free virtual = 17664
# if {[string trim ${CONSTRAINTS}] ne ""} {
#   read_xdc ${CONSTRAINTS}
# }
Parsing XDC File [/home/cc/eecs151/fa23/class/eecs151-aer/fpga-labs-fa23-shridhay/lab1/src/z1top.xdc]
Finished Parsing XDC File [/home/cc/eecs151/fa23/class/eecs151-aer/fpga-labs-fa23-shridhay/lab1/src/z1top.xdc]
# opt_design
Command: opt_design
Attempting to get a license for feature 'Implementation' and/or device 'xc7z020'
INFO: [Common 17-349] Got license for feature 'Implementation' and/or device 'xc7z020'
Running DRC as a precondition to command opt_design

Starting DRC Task
INFO: [DRC 23-27] Running DRC with 4 threads
INFO: [Project 1-461] DRC finished with 0 Errors
INFO: [Project 1-462] Please refer to the DRC report (report_drc) for more information.

Time (s): cpu = 00:00:00.74 ; elapsed = 00:00:00.94 . Memory (MB): peak = 2624.641 ; gain = 34.984 ; free physical = 9973 ; free virtual = 17658

Starting Cache Timing Information Task
INFO: [Timing 38-35] Done setting XDC timing constraints.
Ending Cache Timing Information Task | Checksum: 12fa27ec6

Time (s): cpu = 00:00:00.03 ; elapsed = 00:00:00.04 . Memory (MB): peak = 2693.453 ; gain = 68.812 ; free physical = 9957 ; free virtual = 17642

Starting Logic Optimization Task

Phase 1 Retarget
INFO: [Opt 31-138] Pushed 0 inverter(s) to 0 load pin(s).
INFO: [Opt 31-49] Retargeted 0 cell(s).
Phase 1 Retarget | Checksum: 12fa27ec6

Time (s): cpu = 00:00:00.03 ; elapsed = 00:00:00.07 . Memory (MB): peak = 2856.453 ; gain = 0.000 ; free physical = 9797 ; free virtual = 17481
INFO: [Opt 31-389] Phase Retarget created 0 cells and removed 0 cells

Phase 2 Constant propagation
INFO: [Opt 31-138] Pushed 0 inverter(s) to 0 load pin(s).
Phase 2 Constant propagation | Checksum: 12fa27ec6

Time (s): cpu = 00:00:00.04 ; elapsed = 00:00:00.07 . Memory (MB): peak = 2856.453 ; gain = 0.000 ; free physical = 9797 ; free virtual = 17481
INFO: [Opt 31-389] Phase Constant propagation created 0 cells and removed 0 cells

Phase 3 Sweep
Phase 3 Sweep | Checksum: 12fa27ec6

Time (s): cpu = 00:00:00.04 ; elapsed = 00:00:00.07 . Memory (MB): peak = 2856.453 ; gain = 0.000 ; free physical = 9797 ; free virtual = 17481
INFO: [Opt 31-389] Phase Sweep created 0 cells and removed 0 cells

Phase 4 BUFG optimization
Phase 4 BUFG optimization | Checksum: 12fa27ec6

Time (s): cpu = 00:00:00.04 ; elapsed = 00:00:00.07 . Memory (MB): peak = 2856.453 ; gain = 0.000 ; free physical = 9797 ; free virtual = 17481
INFO: [Opt 31-662] Phase BUFG optimization created 0 cells of which 0 are BUFGs and removed 0 cells.

Phase 5 Shift Register Optimization
INFO: [Opt 31-1064] SRL Remap converted 0 SRLs to 0 registers and converted 0 registers of register chains to 0 SRLs
Phase 5 Shift Register Optimization | Checksum: 12fa27ec6

Time (s): cpu = 00:00:00.04 ; elapsed = 00:00:00.07 . Memory (MB): peak = 2856.453 ; gain = 0.000 ; free physical = 9797 ; free virtual = 17481
INFO: [Opt 31-389] Phase Shift Register Optimization created 0 cells and removed 0 cells

Phase 6 Post Processing Netlist
Phase 6 Post Processing Netlist | Checksum: 12fa27ec6

Time (s): cpu = 00:00:00.04 ; elapsed = 00:00:00.08 . Memory (MB): peak = 2856.453 ; gain = 0.000 ; free physical = 9797 ; free virtual = 17481
INFO: [Opt 31-389] Phase Post Processing Netlist created 0 cells and removed 0 cells
Opt_design Change Summary
=========================


-------------------------------------------------------------------------------------------------------------------------
|  Phase                        |  #Cells created  |  #Cells Removed  |  #Constrained objects preventing optimizations  |
-------------------------------------------------------------------------------------------------------------------------
|  Retarget                     |               0  |               0  |                                              0  |
|  Constant propagation         |               0  |               0  |                                              0  |
|  Sweep                        |               0  |               0  |                                              0  |
|  BUFG optimization            |               0  |               0  |                                              0  |
|  Shift Register Optimization  |               0  |               0  |                                              0  |
|  Post Processing Netlist      |               0  |               0  |                                              0  |
-------------------------------------------------------------------------------------------------------------------------



Starting Connectivity Check Task

Time (s): cpu = 00:00:00 ; elapsed = 00:00:00 . Memory (MB): peak = 2856.453 ; gain = 0.000 ; free physical = 9797 ; free virtual = 17481
Ending Logic Optimization Task | Checksum: 12fa27ec6

Time (s): cpu = 00:00:00.04 ; elapsed = 00:00:00.08 . Memory (MB): peak = 2856.453 ; gain = 0.000 ; free physical = 9797 ; free virtual = 17481

Starting Power Optimization Task
INFO: [Pwropt 34-132] Skipping clock gating for clocks with a period < 2.00 ns.
Ending Power Optimization Task | Checksum: 12fa27ec6

Time (s): cpu = 00:00:00 ; elapsed = 00:00:00.02 . Memory (MB): peak = 2856.453 ; gain = 0.000 ; free physical = 9796 ; free virtual = 17480

Starting Final Cleanup Task
Ending Final Cleanup Task | Checksum: 12fa27ec6

Time (s): cpu = 00:00:00 ; elapsed = 00:00:00 . Memory (MB): peak = 2856.453 ; gain = 0.000 ; free physical = 9796 ; free virtual = 17480

Starting Netlist Obfuscation Task
Netlist sorting complete. Time (s): cpu = 00:00:00 ; elapsed = 00:00:00 . Memory (MB): peak = 2856.453 ; gain = 0.000 ; free physical = 9796 ; free virtual = 17480
Ending Netlist Obfuscation Task | Checksum: 12fa27ec6

Time (s): cpu = 00:00:00 ; elapsed = 00:00:00 . Memory (MB): peak = 2856.453 ; gain = 0.000 ; free physical = 9796 ; free virtual = 17480
INFO: [Common 17-83] Releasing license: Implementation
17 Infos, 0 Warnings, 0 Critical Warnings and 0 Errors encountered.
opt_design completed successfully
INFO: [Common 17-600] The following parameters have non-default value.
general.maxThreads
# place_design
Command: place_design
Attempting to get a license for feature 'Implementation' and/or device 'xc7z020'
INFO: [Common 17-349] Got license for feature 'Implementation' and/or device 'xc7z020'
INFO: [Timing 38-35] Done setting XDC timing constraints.
INFO: [DRC 23-27] Running DRC with 4 threads
INFO: [Vivado_Tcl 4-198] DRC finished with 0 Errors
INFO: [Vivado_Tcl 4-199] Please refer to the DRC report (report_drc) for more information.
Running DRC as a precondition to command place_design
INFO: [DRC 23-27] Running DRC with 4 threads
INFO: [Vivado_Tcl 4-198] DRC finished with 0 Errors
INFO: [Vivado_Tcl 4-199] Please refer to the DRC report (report_drc) for more information.

Starting Placer Task
INFO: [Place 30-611] Multithreading enabled for place_design using a maximum of 4 CPUs

Phase 1 Placer Initialization

Phase 1.1 Placer Initialization Netlist Sorting
Netlist sorting complete. Time (s): cpu = 00:00:00 ; elapsed = 00:00:00 . Memory (MB): peak = 2951.938 ; gain = 0.000 ; free physical = 9755 ; free virtual = 17439
Phase 1.1 Placer Initialization Netlist Sorting | Checksum: 893f1bfc

Time (s): cpu = 00:00:00.01 ; elapsed = 00:00:00.05 . Memory (MB): peak = 2951.938 ; gain = 0.000 ; free physical = 9755 ; free virtual = 17439
Netlist sorting complete. Time (s): cpu = 00:00:00 ; elapsed = 00:00:00 . Memory (MB): peak = 2951.938 ; gain = 0.000 ; free physical = 9755 ; free virtual = 17439

Phase 1.2 IO Placement/ Clock Placement/ Build Placer Device
Phase 1.2 IO Placement/ Clock Placement/ Build Placer Device | Checksum: 893f1bfc

Time (s): cpu = 00:00:00.17 ; elapsed = 00:00:00.16 . Memory (MB): peak = 2951.938 ; gain = 0.000 ; free physical = 9776 ; free virtual = 17460

Phase 1.3 Build Placer Netlist Model
Phase 1.3 Build Placer Netlist Model | Checksum: 118541227

Time (s): cpu = 00:00:00.19 ; elapsed = 00:00:00.18 . Memory (MB): peak = 2951.938 ; gain = 0.000 ; free physical = 9776 ; free virtual = 17460

Phase 1.4 Constrain Clocks/Macros
Phase 1.4 Constrain Clocks/Macros | Checksum: 118541227

Time (s): cpu = 00:00:00.20 ; elapsed = 00:00:00.18 . Memory (MB): peak = 2951.938 ; gain = 0.000 ; free physical = 9776 ; free virtual = 17460
Phase 1 Placer Initialization | Checksum: 118541227

Time (s): cpu = 00:00:00.20 ; elapsed = 00:00:00.19 . Memory (MB): peak = 2951.938 ; gain = 0.000 ; free physical = 9775 ; free virtual = 17459

Phase 2 Global Placement

Phase 2.1 Floorplanning
Phase 2.1 Floorplanning | Checksum: 118541227

Time (s): cpu = 00:00:00.20 ; elapsed = 00:00:00.19 . Memory (MB): peak = 2951.938 ; gain = 0.000 ; free physical = 9774 ; free virtual = 17458

Phase 2.2 Update Timing before SLR Path Opt
Phase 2.2 Update Timing before SLR Path Opt | Checksum: 118541227

Time (s): cpu = 00:00:00.20 ; elapsed = 00:00:00.19 . Memory (MB): peak = 2951.938 ; gain = 0.000 ; free physical = 9774 ; free virtual = 17458

Phase 2.3 Global Placement Core
WARNING: [Place 46-29] place_design is not in timing mode. Skip physical synthesis in placer
Phase 2.3 Global Placement Core | Checksum: ce468ced

Time (s): cpu = 00:00:00.47 ; elapsed = 00:00:00.31 . Memory (MB): peak = 2975.949 ; gain = 24.012 ; free physical = 9755 ; free virtual = 17439
Phase 2 Global Placement | Checksum: ce468ced

Time (s): cpu = 00:00:00.47 ; elapsed = 00:00:00.31 . Memory (MB): peak = 2975.949 ; gain = 24.012 ; free physical = 9755 ; free virtual = 17439

Phase 3 Detail Placement

Phase 3.1 Commit Multi Column Macros
Phase 3.1 Commit Multi Column Macros | Checksum: ce468ced

Time (s): cpu = 00:00:00.48 ; elapsed = 00:00:00.32 . Memory (MB): peak = 2975.949 ; gain = 24.012 ; free physical = 9755 ; free virtual = 17439

Phase 3.2 Commit Most Macros & LUTRAMs
Phase 3.2 Commit Most Macros & LUTRAMs | Checksum: 116b64d12

Time (s): cpu = 00:00:00.49 ; elapsed = 00:00:00.33 . Memory (MB): peak = 2975.949 ; gain = 24.012 ; free physical = 9754 ; free virtual = 17438

Phase 3.3 Area Swap Optimization
Phase 3.3 Area Swap Optimization | Checksum: 1680d53fd

Time (s): cpu = 00:00:00.52 ; elapsed = 00:00:00.34 . Memory (MB): peak = 2975.949 ; gain = 24.012 ; free physical = 9754 ; free virtual = 17438

Phase 3.4 Pipeline Register Optimization
Phase 3.4 Pipeline Register Optimization | Checksum: 1680d53fd

Time (s): cpu = 00:00:00.52 ; elapsed = 00:00:00.34 . Memory (MB): peak = 2975.949 ; gain = 24.012 ; free physical = 9754 ; free virtual = 17438

Phase 3.5 Small Shape Detail Placement
Phase 3.5 Small Shape Detail Placement | Checksum: 13f7254ca

Time (s): cpu = 00:00:00.70 ; elapsed = 00:00:00.50 . Memory (MB): peak = 2976.953 ; gain = 25.016 ; free physical = 9752 ; free virtual = 17436

Phase 3.6 Re-assign LUT pins
Phase 3.6 Re-assign LUT pins | Checksum: 13f7254ca

Time (s): cpu = 00:00:00.71 ; elapsed = 00:00:00.50 . Memory (MB): peak = 2976.953 ; gain = 25.016 ; free physical = 9752 ; free virtual = 17436

Phase 3.7 Pipeline Register Optimization
Phase 3.7 Pipeline Register Optimization | Checksum: 13f7254ca

Time (s): cpu = 00:00:00.71 ; elapsed = 00:00:00.50 . Memory (MB): peak = 2976.953 ; gain = 25.016 ; free physical = 9752 ; free virtual = 17436
Phase 3 Detail Placement | Checksum: 13f7254ca

Time (s): cpu = 00:00:00.71 ; elapsed = 00:00:00.50 . Memory (MB): peak = 2976.953 ; gain = 25.016 ; free physical = 9752 ; free virtual = 17436

Phase 4 Post Placement Optimization and Clean-Up

Phase 4.1 Post Commit Optimization
Phase 4.1 Post Commit Optimization | Checksum: 13f7254ca

Time (s): cpu = 00:00:00.72 ; elapsed = 00:00:00.51 . Memory (MB): peak = 2976.953 ; gain = 25.016 ; free physical = 9752 ; free virtual = 17436

Phase 4.2 Post Placement Cleanup
Phase 4.2 Post Placement Cleanup | Checksum: 13f7254ca

Time (s): cpu = 00:00:00.74 ; elapsed = 00:00:00.51 . Memory (MB): peak = 2976.953 ; gain = 25.016 ; free physical = 9753 ; free virtual = 17437

Phase 4.3 Placer Reporting

Phase 4.3.1 Print Estimated Congestion
INFO: [Place 30-612] Post-Placement Estimated Congestion 
 ____________________________________________________
|           | Global Congestion | Short Congestion  |
| Direction | Region Size       | Region Size       |
|___________|___________________|___________________|
|      North|                1x1|                1x1|
|___________|___________________|___________________|
|      South|                1x1|                1x1|
|___________|___________________|___________________|
|       East|                1x1|                1x1|
|___________|___________________|___________________|
|       West|                1x1|                1x1|
|___________|___________________|___________________|

Phase 4.3.1 Print Estimated Congestion | Checksum: 13f7254ca

Time (s): cpu = 00:00:00.74 ; elapsed = 00:00:00.52 . Memory (MB): peak = 2976.953 ; gain = 25.016 ; free physical = 9753 ; free virtual = 17437
Phase 4.3 Placer Reporting | Checksum: 13f7254ca

Time (s): cpu = 00:00:00.74 ; elapsed = 00:00:00.52 . Memory (MB): peak = 2976.953 ; gain = 25.016 ; free physical = 9753 ; free virtual = 17437

Phase 4.4 Final Placement Cleanup
Netlist sorting complete. Time (s): cpu = 00:00:00 ; elapsed = 00:00:00 . Memory (MB): peak = 2976.953 ; gain = 0.000 ; free physical = 9753 ; free virtual = 17437

Time (s): cpu = 00:00:00.74 ; elapsed = 00:00:00.52 . Memory (MB): peak = 2976.953 ; gain = 25.016 ; free physical = 9753 ; free virtual = 17437
Phase 4 Post Placement Optimization and Clean-Up | Checksum: 13f7254ca

Time (s): cpu = 00:00:00.74 ; elapsed = 00:00:00.52 . Memory (MB): peak = 2976.953 ; gain = 25.016 ; free physical = 9753 ; free virtual = 17437
Ending Placer Task | Checksum: 7ea1ed84

Time (s): cpu = 00:00:00.74 ; elapsed = 00:00:00.52 . Memory (MB): peak = 2976.953 ; gain = 25.016 ; free physical = 9753 ; free virtual = 17437
INFO: [Common 17-83] Releasing license: Implementation
11 Infos, 1 Warnings, 0 Critical Warnings and 0 Errors encountered.
place_design completed successfully
INFO: [Common 17-600] The following parameters have non-default value.
general.maxThreads
# write_checkpoint -force ${TOP}_placed.dcp
INFO: [Timing 38-480] Writing timing data to binary archive.
Writing placer database...
Writing XDEF routing.
Writing XDEF routing logical nets.
Writing XDEF routing special nets.
Write XDEF Complete: Time (s): cpu = 00:00:00.06 ; elapsed = 00:00:00.03 . Memory (MB): peak = 2984.957 ; gain = 0.000 ; free physical = 9767 ; free virtual = 17452
INFO: [Common 17-1381] The checkpoint '/home/cc/eecs151/fa23/class/eecs151-aer/fpga-labs-fa23-shridhay/lab1/build/impl/z1top_placed.dcp' has been generated.
# report_utilization -file post_place_utilization.rpt
# phys_opt_design
Command: phys_opt_design
Attempting to get a license for feature 'Implementation' and/or device 'xc7z020'
INFO: [Common 17-349] Got license for feature 'Implementation' and/or device 'xc7z020'
INFO: [Vivado_Tcl 4-235] No timing constraint found. The netlist was not modified.
INFO: [Common 17-83] Releasing license: Implementation
3 Infos, 0 Warnings, 0 Critical Warnings and 0 Errors encountered.
phys_opt_design completed successfully
INFO: [Common 17-600] The following parameters have non-default value.
general.maxThreads
# route_design
Command: route_design
Attempting to get a license for feature 'Implementation' and/or device 'xc7z020'
INFO: [Common 17-349] Got license for feature 'Implementation' and/or device 'xc7z020'
Running DRC as a precondition to command route_design
INFO: [DRC 23-27] Running DRC with 4 threads
INFO: [Vivado_Tcl 4-198] DRC finished with 0 Errors
INFO: [Vivado_Tcl 4-199] Please refer to the DRC report (report_drc) for more information.


Starting Routing Task
INFO: [Route 35-254] Multithreading enabled for route_design using a maximum of 4 CPUs
Checksum: PlaceDB: 50a1809c ConstDB: 0 ShapeSum: 2e006ce8 RouteDB: 0

Phase 1 Build RT Design
Phase 1 Build RT Design | Checksum: b1030533

Time (s): cpu = 00:00:20 ; elapsed = 00:00:15 . Memory (MB): peak = 3053.547 ; gain = 67.688 ; free physical = 9615 ; free virtual = 17296
Post Restoration Checksum: NetGraph: 8f8b82b0 NumContArr: 21778283 Constraints: 0 Timing: 0

Phase 2 Router Initialization
INFO: [Route 35-64] No timing constraints were detected. The router will operate in resource-optimization mode.

Phase 2.1 Fix Topology Constraints
Phase 2.1 Fix Topology Constraints | Checksum: b1030533

Time (s): cpu = 00:00:20 ; elapsed = 00:00:15 . Memory (MB): peak = 3060.543 ; gain = 74.684 ; free physical = 9598 ; free virtual = 17280

Phase 2.2 Pre Route Cleanup
Phase 2.2 Pre Route Cleanup | Checksum: b1030533

Time (s): cpu = 00:00:20 ; elapsed = 00:00:15 . Memory (MB): peak = 3060.543 ; gain = 74.684 ; free physical = 9598 ; free virtual = 17280
 Number of Nodes with overlaps = 0
Phase 2 Router Initialization | Checksum: 451f5fc0

Time (s): cpu = 00:00:20 ; elapsed = 00:00:15 . Memory (MB): peak = 3073.426 ; gain = 87.566 ; free physical = 9593 ; free virtual = 17277

Router Utilization Summary
  Global Vertical Routing Utilization    = 0 %
  Global Horizontal Routing Utilization  = 0 %
  Routable Net Status*
  *Does not include unroutable nets such as driverless and loadless.
  Run report_route_status for detailed report.
  Number of Failed Nets               = 5
    (Failed Nets is the sum of unrouted and partially routed nets)
  Number of Unrouted Nets             = 5
  Number of Partially Routed Nets     = 0
  Number of Node Overlaps             = 0


Phase 3 Initial Routing

Phase 3.1 Global Routing
Phase 3.1 Global Routing | Checksum: 451f5fc0

Time (s): cpu = 00:00:20 ; elapsed = 00:00:16 . Memory (MB): peak = 3073.426 ; gain = 87.566 ; free physical = 9593 ; free virtual = 17277
Phase 3 Initial Routing | Checksum: 1366ea1d4

Time (s): cpu = 00:00:20 ; elapsed = 00:00:16 . Memory (MB): peak = 3073.426 ; gain = 87.566 ; free physical = 9590 ; free virtual = 17274

Phase 4 Rip-up And Reroute

Phase 4.1 Global Iteration 0
 Number of Nodes with overlaps = 0
Phase 4.1 Global Iteration 0 | Checksum: c028ff02

Time (s): cpu = 00:00:20 ; elapsed = 00:00:16 . Memory (MB): peak = 3073.426 ; gain = 87.566 ; free physical = 9590 ; free virtual = 17273
Phase 4 Rip-up And Reroute | Checksum: c028ff02

Time (s): cpu = 00:00:20 ; elapsed = 00:00:16 . Memory (MB): peak = 3073.426 ; gain = 87.566 ; free physical = 9590 ; free virtual = 17273

Phase 5 Delay and Skew Optimization
Phase 5 Delay and Skew Optimization | Checksum: c028ff02

Time (s): cpu = 00:00:20 ; elapsed = 00:00:16 . Memory (MB): peak = 3073.426 ; gain = 87.566 ; free physical = 9590 ; free virtual = 17273

Phase 6 Post Hold Fix

Phase 6.1 Hold Fix Iter
Phase 6.1 Hold Fix Iter | Checksum: c028ff02

Time (s): cpu = 00:00:20 ; elapsed = 00:00:16 . Memory (MB): peak = 3073.426 ; gain = 87.566 ; free physical = 9590 ; free virtual = 17273
Phase 6 Post Hold Fix | Checksum: c028ff02

Time (s): cpu = 00:00:20 ; elapsed = 00:00:16 . Memory (MB): peak = 3073.426 ; gain = 87.566 ; free physical = 9590 ; free virtual = 17273

Phase 7 Route finalize

Router Utilization Summary
  Global Vertical Routing Utilization    = 0.00346899 %
  Global Horizontal Routing Utilization  = 0.00109872 %
  Routable Net Status*
  *Does not include unroutable nets such as driverless and loadless.
  Run report_route_status for detailed report.
  Number of Failed Nets               = 0
    (Failed Nets is the sum of unrouted and partially routed nets)
  Number of Unrouted Nets             = 0
  Number of Partially Routed Nets     = 0
  Number of Node Overlaps             = 0

Congestion Report
North Dir 1x1 Area, Max Cong = 5.40541%, No Congested Regions.
South Dir 1x1 Area, Max Cong = 0.900901%, No Congested Regions.
East Dir 1x1 Area, Max Cong = 2.94118%, No Congested Regions.
West Dir 1x1 Area, Max Cong = 2.94118%, No Congested Regions.

------------------------------
Reporting congestion hotspots
------------------------------
Direction: North
----------------
Congested clusters found at Level 0
Effective congestion level: 0 Aspect Ratio: 1 Sparse Ratio: 0
Direction: South
----------------
Congested clusters found at Level 0
Effective congestion level: 0 Aspect Ratio: 1 Sparse Ratio: 0
Direction: East
----------------
Congested clusters found at Level 0
Effective congestion level: 0 Aspect Ratio: 1 Sparse Ratio: 0
Direction: West
----------------
Congested clusters found at Level 0
Effective congestion level: 0 Aspect Ratio: 1 Sparse Ratio: 0

Phase 7 Route finalize | Checksum: c028ff02

Time (s): cpu = 00:00:21 ; elapsed = 00:00:16 . Memory (MB): peak = 3073.426 ; gain = 87.566 ; free physical = 9589 ; free virtual = 17273

Phase 8 Verifying routed nets

 Verification completed successfully
Phase 8 Verifying routed nets | Checksum: c028ff02

Time (s): cpu = 00:00:21 ; elapsed = 00:00:16 . Memory (MB): peak = 3073.426 ; gain = 87.566 ; free physical = 9588 ; free virtual = 17272

Phase 9 Depositing Routes
Phase 9 Depositing Routes | Checksum: 144ec3b7e

Time (s): cpu = 00:00:21 ; elapsed = 00:00:16 . Memory (MB): peak = 3073.426 ; gain = 87.566 ; free physical = 9590 ; free virtual = 17273
INFO: [Route 35-16] Router Completed Successfully

Time (s): cpu = 00:00:21 ; elapsed = 00:00:16 . Memory (MB): peak = 3073.426 ; gain = 87.566 ; free physical = 9609 ; free virtual = 17293

Routing Is Done.
INFO: [Common 17-83] Releasing license: Implementation
8 Infos, 0 Warnings, 0 Critical Warnings and 0 Errors encountered.
route_design completed successfully
route_design: Time (s): cpu = 00:00:21 ; elapsed = 00:00:16 . Memory (MB): peak = 3073.426 ; gain = 88.469 ; free physical = 9609 ; free virtual = 17293
INFO: [Common 17-600] The following parameters have non-default value.
general.maxThreads
# write_checkpoint -force ${TOP}_routed.dcp
INFO: [Timing 38-480] Writing timing data to binary archive.
Writing placer database...
Writing XDEF routing.
Writing XDEF routing logical nets.
Writing XDEF routing special nets.
Write XDEF Complete: Time (s): cpu = 00:00:00.05 ; elapsed = 00:00:00.04 . Memory (MB): peak = 3081.430 ; gain = 0.000 ; free physical = 9606 ; free virtual = 17291
INFO: [Common 17-1381] The checkpoint '/home/cc/eecs151/fa23/class/eecs151-aer/fpga-labs-fa23-shridhay/lab1/build/impl/z1top_routed.dcp' has been generated.
# write_verilog -force post_route.v
# write_xdc -force post_route.xdc
# report_drc -file post_route_drc.rpt
Command: report_drc -file post_route_drc.rpt
INFO: [IP_Flow 19-234] Refreshing IP repositories
INFO: [IP_Flow 19-1704] No user IP repositories specified
INFO: [IP_Flow 19-2313] Loaded Vivado IP repository '/share/instsww/xilinx/Vivado/current/data/ip'.
INFO: [DRC 23-27] Running DRC with 4 threads
INFO: [Coretcl 2-168] The results of DRC are in file /home/cc/eecs151/fa23/class/eecs151-aer/fpga-labs-fa23-shridhay/lab1/build/impl/post_route_drc.rpt.
report_drc completed successfully
# report_timing_summary -warn_on_violation -file post_route_timing_summary.rpt
INFO: [Timing 38-91] UpdateTimingParams: Speed grade: -1, Delay Type: min_max.
INFO: [Timing 38-191] Multithreading enabled for timing update using a maximum of 4 CPUs
WARNING: [Timing 38-313] There are no user specified timing constraints. Timing constraints are needed for proper timing analysis.
# write_bitstream -force ${TOP}.bit
Command: write_bitstream -force z1top.bit
Attempting to get a license for feature 'Implementation' and/or device 'xc7z020'
INFO: [Common 17-349] Got license for feature 'Implementation' and/or device 'xc7z020'
Running DRC as a precondition to command write_bitstream
INFO: [IP_Flow 19-1839] IP Catalog is up to date.
INFO: [DRC 23-27] Running DRC with 4 threads
WARNING: [DRC ZPS7-1] PS7 block required: The PS7 cell must be used in this Zynq design in order to enable correct default configuration.
INFO: [Vivado 12-3199] DRC finished with 0 Errors, 1 Warnings
INFO: [Vivado 12-3200] Please refer to the DRC report (report_drc) for more information.
INFO: [Designutils 20-2272] Running write_bitstream with 4 threads.
Loading data files...
Loading site data...
Loading route data...
Processing options...
Creating bitmap...
Creating bitstream...
Writing bitstream ./z1top.bit...
INFO: [Vivado 12-1842] Bitgen Completed Successfully.
INFO: [Common 17-83] Releasing license: Implementation
8 Infos, 1 Warnings, 0 Critical Warnings and 0 Errors encountered.
write_bitstream completed successfully
write_bitstream: Time (s): cpu = 00:00:09 ; elapsed = 00:00:19 . Memory (MB): peak = 3459.730 ; gain = 317.699 ; free physical = 9532 ; free virtual = 17216
INFO: [Common 17-206] Exiting Vivado at Tue Sep  5 18:29:20 2023...
